{"$message_type":"diagnostic","message":"found invalid metadata files for crate `compiler_builtins` which `std` depends on","code":{"code":"E0786","explanation":"A metadata file was invalid.\n\nErroneous code example:\n\n```ignore (needs extern files)\nuse ::foo; // error: found invalid metadata files for crate `foo`\n```\n\nWhen loading crates, each crate must have a valid metadata file.\nInvalid files could be caused by filesystem corruption,\nan IO error while reading the file, or (rarely) a bug in the compiler itself.\n\nConsider deleting the file and recreating it,\nor reporting a bug against the compiler.\n"},"level":"error","spans":[{"file_name":"C:\\Users\\dhina\\.cargo\\registry\\src\\index.crates.io-1949cf8c6b5b557f\\rustversion-1.0.22\\build\\build.rs","byte_start":0,"byte_end":0,"line_start":1,"line_end":1,"column_start":1,"column_end":1,"is_primary":true,"text":[],"label":null,"suggested_replacement":null,"suggestion_applicability":null,"expansion":null}],"children":[{"message":"failed to mmap file 'C:\\Users\\dhina\\.rustup\\toolchains\\stable-x86_64-pc-windows-msvc\\lib\\rustlib\\x86_64-pc-windows-msvc\\lib\\libcompiler_builtins-89efcb53c2ce9046.rlib': The paging file is too small for this operation to complete. (os error 1455)","code":null,"level":"note","spans":[],"children":[],"rendered":null}],"rendered":"\u001b[1m\u001b[91merror[E0786]\u001b[0m\u001b[1m\u001b[97m: found invalid metadata files for crate `compiler_builtins` which `std` depends on\u001b[0m\n  \u001b[1m\u001b[96m|\u001b[0m\n  \u001b[1m\u001b[96m= \u001b[0m\u001b[1m\u001b[97mnote\u001b[0m: failed to mmap file 'C:\\Users\\dhina\\.rustup\\toolchains\\stable-x86_64-pc-windows-msvc\\lib\\rustlib\\x86_64-pc-windows-msvc\\lib\\libcompiler_builtins-89efcb53c2ce9046.rlib': The paging file is too small for this operation to complete. (os error 1455)\n\n"}
{"$message_type":"diagnostic","message":"cannot resolve a prelude import","code":null,"level":"error","spans":[{"file_name":"C:\\Users\\dhina\\.cargo\\registry\\src\\index.crates.io-1949cf8c6b5b557f\\rustversion-1.0.22\\build\\build.rs","byte_start":0,"byte_end":0,"line_start":1,"line_end":1,"column_start":1,"column_end":1,"is_primary":true,"text":[],"label":null,"suggested_replacement":null,"suggestion_applicability":null,"expansion":null}],"children":[],"rendered":"\u001b[1m\u001b[91merror\u001b[0m\u001b[1m\u001b[97m: cannot resolve a prelude import\u001b[0m\n\n"}
{"$message_type":"diagnostic","message":"can't find crate for `std`","code":{"code":"E0463","explanation":"A crate was declared but cannot be found.\n\nErroneous code example:\n\n```compile_fail,E0463\nextern crate foo; // error: can't find crate\n```\n\nYou need to link your code to the relevant crate in order to be able to use it\n(through Cargo or the `-L` option of rustc, for example).\n\n## Common causes\n\n- The crate is not present at all. If using Cargo, add it to `[dependencies]`\n  in Cargo.toml.\n- The crate is present, but under a different name. If using Cargo, look for\n  `package = ` under `[dependencies]` in Cargo.toml.\n\n## Common causes for missing `std` or `core`\n\n- You are cross-compiling for a target which doesn't have `std` prepackaged.\n  Consider one of the following:\n  + Adding a pre-compiled version of std with `rustup target add`\n  + Building std from source with `cargo build -Z build-std`\n  + Using `#![no_std]` at the crate root, so you won't need `std` in the first\n    place.\n- You are developing the compiler itself and haven't built libstd from source.\n  You can usually build it with `x.py build library/std`. More information\n  about x.py is available in the [rustc-dev-guide].\n\n[rustc-dev-guide]: https://rustc-dev-guide.rust-lang.org/building/how-to-build-and-run.html#building-the-compiler\n"},"level":"error","spans":[{"file_name":"C:\\Users\\dhina\\.cargo\\registry\\src\\index.crates.io-1949cf8c6b5b557f\\rustversion-1.0.22\\build\\rustc.rs","byte_start":26,"byte_end":29,"line_start":2,"line_end":2,"column_start":5,"column_end":8,"is_primary":true,"text":[{"text":"use std::fmt::{self, Debug};","highlight_start":5,"highlight_end":8}],"label":"can't find crate","suggested_replacement":null,"suggestion_applicability":null,"expansion":null}],"children":[{"message":"the `x86_64-pc-windows-msvc` target may not support the standard library","code":null,"level":"note","spans":[],"children":[],"rendered":null}],"rendered":"\u001b[1m\u001b[91merror[E0463]\u001b[0m\u001b[1m\u001b[97m: can't find crate for `std`\u001b[0m\n \u001b[1m\u001b[96m--> \u001b[0mC:\\Users\\dhina\\.cargo\\registry\\src\\index.crates.io-1949cf8c6b5b557f\\rustversion-1.0.22\\build\\rustc.rs:2:5\n  \u001b[1m\u001b[96m|\u001b[0m\n\u001b[1m\u001b[96m2\u001b[0m \u001b[1m\u001b[96m|\u001b[0m use std::fmt::{self, Debug};\n  \u001b[1m\u001b[96m|\u001b[0m     \u001b[1m\u001b[91m^^^\u001b[0m \u001b[1m\u001b[91mcan't find crate\u001b[0m\n  \u001b[1m\u001b[96m|\u001b[0m\n  \u001b[1m\u001b[96m= \u001b[0m\u001b[1m\u001b[97mnote\u001b[0m: the `x86_64-pc-windows-msvc` target may not support the standard library\n\n"}
{"$message_type":"diagnostic","message":"cannot find macro `println` in this scope","code":null,"level":"error","spans":[{"file_name":"C:\\Users\\dhina\\.cargo\\registry\\src\\index.crates.io-1949cf8c6b5b557f\\rustversion-1.0.22\\build\\build.rs","byte_start":3406,"byte_end":3413,"line_start":102,"line_end":102,"column_start":9,"column_end":16,"is_primary":true,"text":[{"text":"        println!(\"cargo:rustc-cfg=host_os=\\\"windows\\\"\");","highlight_start":9,"highlight_end":16}],"label":null,"suggested_replacement":null,"suggestion_applicability":null,"expansion":null}],"children":[],"rendered":"\u001b[1m\u001b[91merror\u001b[0m\u001b[1m\u001b[97m: cannot find macro `println` in this scope\u001b[0m\n   \u001b[1m\u001b[96m--> \u001b[0mC:\\Users\\dhina\\.cargo\\registry\\src\\index.crates.io-1949cf8c6b5b557f\\rustversion-1.0.22\\build\\build.rs:102:9\n    \u001b[1m\u001b[96m|\u001b[0m\n\u001b[1m\u001b[96m102\u001b[0m \u001b[1m\u001b[96m|\u001b[0m         println!(\"cargo:rustc-cfg=host_os=\\\"windows\\\"\");\n    \u001b[1m\u001b[96m|\u001b[0m         \u001b[1m\u001b[91m^^^^^^^\u001b[0m\n\n"}
{"$message_type":"diagnostic","message":"cannot find macro `format` in this scope","code":null,"level":"error","spans":[{"file_name":"C:\\Users\\dhina\\.cargo\\registry\\src\\index.crates.io-1949cf8c6b5b557f\\rustversion-1.0.22\\build\\build.rs","byte_start":3027,"byte_end":3033,"line_start":95,"line_end":95,"column_start":19,"column_end":25,"is_primary":true,"text":[{"text":"    let version = format!(\"{:#}\\n\", Render(&version));","highlight_start":19,"highlight_end":25}],"label":null,"suggested_replacement":null,"suggestion_applicability":null,"expansion":null}],"children":[],"rendered":"\u001b[1m\u001b[91merror\u001b[0m\u001b[1m\u001b[97m: cannot find macro `format` in this scope\u001b[0m\n  \u001b[1m\u001b[96m--> \u001b[0mC:\\Users\\dhina\\.cargo\\registry\\src\\index.crates.io-1949cf8c6b5b557f\\rustversion-1.0.22\\build\\build.rs:95:19\n   \u001b[1m\u001b[96m|\u001b[0m\n\u001b[1m\u001b[96m95\u001b[0m \u001b[1m\u001b[96m|\u001b[0m     let version = format!(\"{:#}\\n\", Render(&version));\n   \u001b[1m\u001b[96m|\u001b[0m                   \u001b[1m\u001b[91m^^^^^^\u001b[0m\n\n"}
{"$message_type":"diagnostic","message":"cannot find macro `println` in this scope","code":null,"level":"error","spans":[{"file_name":"C:\\Users\\dhina\\.cargo\\registry\\src\\index.crates.io-1949cf8c6b5b557f\\rustversion-1.0.22\\build\\build.rs","byte_start":2933,"byte_end":2940,"line_start":92,"line_end":92,"column_start":9,"column_end":16,"is_primary":true,"text":[{"text":"        println!(\"cargo:rustc-check-cfg=cfg(host_os, values(\\\"windows\\\"))\");","highlight_start":9,"highlight_end":16}],"label":null,"suggested_replacement":null,"suggestion_applicability":null,"expansion":null}],"children":[],"rendered":"\u001b[1m\u001b[91merror\u001b[0m\u001b[1m\u001b[97m: cannot find macro `println` in this scope\u001b[0m\n  \u001b[1m\u001b[96m--> \u001b[0mC:\\Users\\dhina\\.cargo\\registry\\src\\index.crates.io-1949cf8c6b5b557f\\rustversion-1.0.22\\build\\build.rs:92:9\n   \u001b[1m\u001b[96m|\u001b[0m\n\u001b[1m\u001b[96m92\u001b[0m \u001b[1m\u001b[96m|\u001b[0m         println!(\"cargo:rustc-check-cfg=cfg(host_os, values(\\\"windows\\\"))\");\n   \u001b[1m\u001b[96m|\u001b[0m         \u001b[1m\u001b[91m^^^^^^^\u001b[0m\n\n"}
{"$message_type":"diagnostic","message":"cannot find macro `println` in this scope","code":null,"level":"error","spans":[{"file_name":"C:\\Users\\dhina\\.cargo\\registry\\src\\index.crates.io-1949cf8c6b5b557f\\rustversion-1.0.22\\build\\build.rs","byte_start":2863,"byte_end":2870,"line_start":91,"line_end":91,"column_start":9,"column_end":16,"is_primary":true,"text":[{"text":"        println!(\"cargo:rustc-check-cfg=cfg(cfg_macro_not_allowed)\");","highlight_start":9,"highlight_end":16}],"label":null,"suggested_replacement":null,"suggestion_applicability":null,"expansion":null}],"children":[],"rendered":"\u001b[1m\u001b[91merror\u001b[0m\u001b[1m\u001b[97m: cannot find macro `println` in this scope\u001b[0m\n  \u001b[1m\u001b[96m--> \u001b[0mC:\\Users\\dhina\\.cargo\\registry\\src\\index.crates.io-1949cf8c6b5b557f\\rustversion-1.0.22\\build\\build.rs:91:9\n   \u001b[1m\u001b[96m|\u001b[0m\n\u001b[1m\u001b[96m91\u001b[0m \u001b[1m\u001b[96m|\u001b[0m         println!(\"cargo:rustc-check-cfg=cfg(cfg_macro_not_allowed)\");\n   \u001b[1m\u001b[96m|\u001b[0m         \u001b[1m\u001b[91m^^^^^^^\u001b[0m\n\n"}
{"$message_type":"diagnostic","message":"cannot find macro `println` in this scope","code":null,"level":"error","spans":[{"file_name":"C:\\Users\\dhina\\.cargo\\registry\\src\\index.crates.io-1949cf8c6b5b557f\\rustversion-1.0.22\\build\\build.rs","byte_start":2768,"byte_end":2775,"line_start":87,"line_end":87,"column_start":9,"column_end":16,"is_primary":true,"text":[{"text":"        println!(\"cargo:rustc-cfg=cfg_macro_not_allowed\");","highlight_start":9,"highlight_end":16}],"label":null,"suggested_replacement":null,"suggestion_applicability":null,"expansion":null}],"children":[],"rendered":"\u001b[1m\u001b[91merror\u001b[0m\u001b[1m\u001b[97m: cannot find macro `println` in this scope\u001b[0m\n  \u001b[1m\u001b[96m--> \u001b[0mC:\\Users\\dhina\\.cargo\\registry\\src\\index.crates.io-1949cf8c6b5b557f\\rustversion-1.0.22\\build\\build.rs:87:9\n   \u001b[1m\u001b[96m|\u001b[0m\n\u001b[1m\u001b[96m87\u001b[0m \u001b[1m\u001b[96m|\u001b[0m         println!(\"cargo:rustc-cfg=cfg_macro_not_allowed\");\n   \u001b[1m\u001b[96m|\u001b[0m         \u001b[1m\u001b[91m^^^^^^^\u001b[0m\n\n"}
{"$message_type":"diagnostic","message":"cannot find macro `eprintln` in this scope","code":null,"level":"error","spans":[{"file_name":"C:\\Users\\dhina\\.cargo\\registry\\src\\index.crates.io-1949cf8c6b5b557f\\rustversion-1.0.22\\build\\build.rs","byte_start":2367,"byte_end":2375,"line_start":75,"line_end":75,"column_start":17,"column_end":25,"is_primary":true,"text":[{"text":"                eprintln!(","highlight_start":17,"highlight_end":25}],"label":null,"suggested_replacement":null,"suggestion_applicability":null,"expansion":null}],"children":[],"rendered":"\u001b[1m\u001b[91merror\u001b[0m\u001b[1m\u001b[97m: cannot find macro `eprintln` in this scope\u001b[0m\n  \u001b[1m\u001b[96m--> \u001b[0mC:\\Users\\dhina\\.cargo\\registry\\src\\index.crates.io-1949cf8c6b5b557f\\rustversion-1.0.22\\build\\build.rs:75:17\n   \u001b[1m\u001b[96m|\u001b[0m\n\u001b[1m\u001b[96m75\u001b[0m \u001b[1m\u001b[96m|\u001b[0m                 eprintln!(\n   \u001b[1m\u001b[96m|\u001b[0m                 \u001b[1m\u001b[91m^^^^^^^^\u001b[0m\n\n"}
{"$message_type":"diagnostic","message":"cannot find macro `eprintln` in this scope","code":null,"level":"error","spans":[{"file_name":"C:\\Users\\dhina\\.cargo\\registry\\src\\index.crates.io-1949cf8c6b5b557f\\rustversion-1.0.22\\build\\build.rs","byte_start":1602,"byte_end":1610,"line_start":54,"line_end":54,"column_start":17,"column_end":25,"is_primary":true,"text":[{"text":"                eprintln!(","highlight_start":17,"highlight_end":25}],"label":null,"suggested_replacement":null,"suggestion_applicability":null,"expansion":null}],"children":[],"rendered":"\u001b[1m\u001b[91merror\u001b[0m\u001b[1m\u001b[97m: cannot find macro `eprintln` in this scope\u001b[0m\n  \u001b[1m\u001b[96m--> \u001b[0mC:\\Users\\dhina\\.cargo\\registry\\src\\index.crates.io-1949cf8c6b5b557f\\rustversion-1.0.22\\build\\build.rs:54:17\n   \u001b[1m\u001b[96m|\u001b[0m\n\u001b[1m\u001b[96m54\u001b[0m \u001b[1m\u001b[96m|\u001b[0m                 eprintln!(\n   \u001b[1m\u001b[96m|\u001b[0m                 \u001b[1m\u001b[91m^^^^^^^^\u001b[0m\n\n"}
{"$message_type":"diagnostic","message":"cannot find macro `eprintln` in this scope","code":null,"level":"error","spans":[{"file_name":"C:\\Users\\dhina\\.cargo\\registry\\src\\index.crates.io-1949cf8c6b5b557f\\rustversion-1.0.22\\build\\build.rs","byte_start":1289,"byte_end":1297,"line_start":45,"line_end":45,"column_start":17,"column_end":25,"is_primary":true,"text":[{"text":"                eprintln!(\"Error: failed to run `{} --version`: {}\", rustc, e);","highlight_start":17,"highlight_end":25}],"label":null,"suggested_replacement":null,"suggestion_applicability":null,"expansion":null}],"children":[],"rendered":"\u001b[1m\u001b[91merror\u001b[0m\u001b[1m\u001b[97m: cannot find macro `eprintln` in this scope\u001b[0m\n  \u001b[1m\u001b[96m--> \u001b[0mC:\\Users\\dhina\\.cargo\\registry\\src\\index.crates.io-1949cf8c6b5b557f\\rustversion-1.0.22\\build\\build.rs:45:17\n   \u001b[1m\u001b[96m|\u001b[0m\n\u001b[1m\u001b[96m45\u001b[0m \u001b[1m\u001b[96m|\u001b[0m                 eprintln!(\"Error: failed to run `{} --version`: {}\", rustc, e);\n   \u001b[1m\u001b[96m|\u001b[0m                 \u001b[1m\u001b[91m^^^^^^^^\u001b[0m\n\n"}
{"$message_type":"diagnostic","message":"cannot find macro `println` in this scope","code":null,"level":"error","spans":[{"file_name":"C:\\Users\\dhina\\.cargo\\registry\\src\\index.crates.io-1949cf8c6b5b557f\\rustversion-1.0.22\\build\\build.rs","byte_start":329,"byte_end":336,"line_start":19,"line_end":19,"column_start":5,"column_end":12,"is_primary":true,"text":[{"text":"    println!(\"cargo:rerun-if-changed=build/build.rs\");","highlight_start":5,"highlight_end":12}],"label":null,"suggested_replacement":null,"suggestion_applicability":null,"expansion":null}],"children":[],"rendered":"\u001b[1m\u001b[91merror\u001b[0m\u001b[1m\u001b[97m: cannot find macro `println` in this scope\u001b[0m\n  \u001b[1m\u001b[96m--> \u001b[0mC:\\Users\\dhina\\.cargo\\registry\\src\\index.crates.io-1949cf8c6b5b557f\\rustversion-1.0.22\\build\\build.rs:19:5\n   \u001b[1m\u001b[96m|\u001b[0m\n\u001b[1m\u001b[96m19\u001b[0m \u001b[1m\u001b[96m|\u001b[0m     println!(\"cargo:rerun-if-changed=build/build.rs\");\n   \u001b[1m\u001b[96m|\u001b[0m     \u001b[1m\u001b[91m^^^^^^^\u001b[0m\n\n"}
{"$message_type":"diagnostic","message":"variable `None` is not bound in all patterns","code":{"code":"E0408","explanation":"An \"or\" pattern was used where the variable bindings are not consistently bound\nacross patterns.\n\nErroneous code example:\n\n```compile_fail,E0408\nmatch x {\n    Some(y) | None => { /* use y */ } // error: variable `y` from pattern #1 is\n                                      //        not bound in pattern #2\n    _ => ()\n}\n```\n\nHere, `y` is bound to the contents of the `Some` and can be used within the\nblock corresponding to the match arm. However, in case `x` is `None`, we have\nnot specified what `y` is, and the block will use a nonexistent variable.\n\nTo fix this error, either split into multiple match arms:\n\n```\nlet x = Some(1);\nmatch x {\n    Some(y) => { /* use y */ }\n    None => { /* ... */ }\n}\n```\n\nor, bind the variable to a field of the same type in all sub-patterns of the\nor pattern:\n\n```\nlet x = (0, 2);\nmatch x {\n    (0, y) | (y, 0) => { /* use y */}\n    _ => {}\n}\n```\n\nIn this example, if `x` matches the pattern `(0, _)`, the second field is set\nto `y`. If it matches `(_, 0)`, the first field is set to `y`; so in all\ncases `y` is set to some value.\n"},"level":"error","spans":[{"file_name":"C:\\Users\\dhina\\.cargo\\registry\\src\\index.crates.io-1949cf8c6b5b557f\\rustversion-1.0.22\\build\\rustc.rs","byte_start":854,"byte_end":861,"line_start":41,"line_end":41,"column_start":9,"column_end":16,"is_primary":true,"text":[{"text":"        Some(_) | None => return ParseResult::Unrecognized,","highlight_start":9,"highlight_end":16}],"label":"pattern doesn't bind `None`","suggested_replacement":null,"suggestion_applicability":null,"expansion":null},{"file_name":"C:\\Users\\dhina\\.cargo\\registry\\src\\index.crates.io-1949cf8c6b5b557f\\rustversion-1.0.22\\build\\rustc.rs","byte_start":864,"byte_end":868,"line_start":41,"line_end":41,"column_start":19,"column_end":23,"is_primary":false,"text":[{"text":"        Some(_) | None => return ParseResult::Unrecognized,","highlight_start":19,"highlight_end":23}],"label":"variable not in all patterns","suggested_replacement":null,"suggestion_applicability":null,"expansion":null}],"children":[{"message":"if you meant to match on unit variant `core::option::Option::None`, use the full path in the pattern","code":null,"level":"help","spans":[{"file_name":"C:\\Users\\dhina\\.cargo\\registry\\src\\index.crates.io-1949cf8c6b5b557f\\rustversion-1.0.22\\build\\rustc.rs","byte_start":864,"byte_end":868,"line_start":41,"line_end":41,"column_start":19,"column_end":23,"is_primary":true,"text":[{"text":"        Some(_) | None => return ParseResult::Unrecognized,","highlight_start":19,"highlight_end":23}],"label":null,"suggested_replacement":"core::option::Option::None","suggestion_applicability":"MaybeIncorrect","expansion":null}],"children":[],"rendered":null}],"rendered":"\u001b[1m\u001b[91merror[E0408]\u001b[0m\u001b[1m\u001b[97m: variable `None` is not bound in all patterns\u001b[0m\n  \u001b[1m\u001b[96m--> \u001b[0mC:\\Users\\dhina\\.cargo\\registry\\src\\index.crates.io-1949cf8c6b5b557f\\rustversion-1.0.22\\build\\rustc.rs:41:9\n   \u001b[1m\u001b[96m|\u001b[0m\n\u001b[1m\u001b[96m41\u001b[0m \u001b[1m\u001b[96m|\u001b[0m         Some(_) | None => return ParseResult::Unrecognized,\n   \u001b[1m\u001b[96m|\u001b[0m         \u001b[1m\u001b[91m^^^^^^^\u001b[0m   \u001b[1m\u001b[96m----\u001b[0m \u001b[1m\u001b[96mvariable not in all patterns\u001b[0m\n   \u001b[1m\u001b[96m|\u001b[0m         \u001b[1m\u001b[91m|\u001b[0m\n   \u001b[1m\u001b[96m|\u001b[0m         \u001b[1m\u001b[91mpattern doesn't bind `None`\u001b[0m\n   \u001b[1m\u001b[96m|\u001b[0m\n\u001b[1m\u001b[96mhelp\u001b[0m: if you meant to match on unit variant `core::option::Option::None`, use the full path in the pattern\n   \u001b[1m\u001b[96m|\u001b[0m\n\u001b[1m\u001b[96m41\u001b[0m \u001b[1m\u001b[96m| \u001b[0m        Some(_) | \u001b[92mcore::option::Option::\u001b[0mNone => return ParseResult::Unrecognized,\n   \u001b[1m\u001b[96m|\u001b[0m                   \u001b[92m++++++++++++++++++++++\u001b[0m\n\n"}
{"$message_type":"diagnostic","message":"variable `None` is not bound in all patterns","code":{"code":"E0408","explanation":"An \"or\" pattern was used where the variable bindings are not consistently bound\nacross patterns.\n\nErroneous code example:\n\n```compile_fail,E0408\nmatch x {\n    Some(y) | None => { /* use y */ } // error: variable `y` from pattern #1 is\n                                      //        not bound in pattern #2\n    _ => ()\n}\n```\n\nHere, `y` is bound to the contents of the `Some` and can be used within the\nblock corresponding to the match arm. However, in case `x` is `None`, we have\nnot specified what `y` is, and the block will use a nonexistent variable.\n\nTo fix this error, either split into multiple match arms:\n\n```\nlet x = Some(1);\nmatch x {\n    Some(y) => { /* use y */ }\n    None => { /* ... */ }\n}\n```\n\nor, bind the variable to a field of the same type in all sub-patterns of the\nor pattern:\n\n```\nlet x = (0, 2);\nmatch x {\n    (0, y) | (y, 0) => { /* use y */}\n    _ => {}\n}\n```\n\nIn this example, if `x` matches the pattern `(0, _)`, the second field is set\nto `y`. If it matches `(_, 0)`, the first field is set to `y`; so in all\ncases `y` is set to some value.\n"},"level":"error","spans":[{"file_name":"C:\\Users\\dhina\\.cargo\\registry\\src\\index.crates.io-1949cf8c6b5b557f\\rustversion-1.0.22\\build\\rustc.rs","byte_start":2287,"byte_end":2294,"line_start":77,"line_end":77,"column_start":24,"column_end":31,"is_primary":true,"text":[{"text":"                None | Some(_) => return None,","highlight_start":24,"highlight_end":31}],"label":"pattern doesn't bind `None`","suggested_replacement":null,"suggestion_applicability":null,"expansion":null},{"file_name":"C:\\Users\\dhina\\.cargo\\registry\\src\\index.crates.io-1949cf8c6b5b557f\\rustversion-1.0.22\\build\\rustc.rs","byte_start":2280,"byte_end":2284,"line_start":77,"line_end":77,"column_start":17,"column_end":21,"is_primary":false,"text":[{"text":"                None | Some(_) => return None,","highlight_start":17,"highlight_end":21}],"label":"variable not in all patterns","suggested_replacement":null,"suggestion_applicability":null,"expansion":null}],"children":[{"message":"if you meant to match on unit variant `core::option::Option::None`, use the full path in the pattern","code":null,"level":"help","spans":[{"file_name":"C:\\Users\\dhina\\.cargo\\registry\\src\\index.crates.io-1949cf8c6b5b557f\\rustversion-1.0.22\\build\\rustc.rs","byte_start":2280,"byte_end":2284,"line_start":77,"line_end":77,"column_start":17,"column_end":21,"is_primary":true,"text":[{"text":"                None | Some(_) => return None,","highlight_start":17,"highlight_end":21}],"label":null,"suggested_replacement":"core::option::Option::None","suggestion_applicability":"MaybeIncorrect","expansion":null}],"children":[],"rendered":null}],"rendered":"\u001b[1m\u001b[91merror[E0408]\u001b[0m\u001b[1m\u001b[97m: variable `None` is not bound in all patterns\u001b[0m\n  \u001b[1m\u001b[96m--> \u001b[0mC:\\Users\\dhina\\.cargo\\registry\\src\\index.crates.io-1949cf8c6b5b557f\\rustversion-1.0.22\\build\\rustc.rs:77:24\n   \u001b[1m\u001b[96m|\u001b[0m\n\u001b[1m\u001b[96m77\u001b[0m \u001b[1m\u001b[96m|\u001b[0m                 None | Some(_) => return None,\n   \u001b[1m\u001b[96m|\u001b[0m                 \u001b[1m\u001b[96m----\u001b[0m   \u001b[1m\u001b[91m^^^^^^^\u001b[0m \u001b[1m\u001b[91mpattern doesn't bind `None`\u001b[0m\n   \u001b[1m\u001b[96m|\u001b[0m                 \u001b[1m\u001b[96m|\u001b[0m\n   \u001b[1m\u001b[96m|\u001b[0m                 \u001b[1m\u001b[96mvariable not in all patterns\u001b[0m\n   \u001b[1m\u001b[96m|\u001b[0m\n\u001b[1m\u001b[96mhelp\u001b[0m: if you meant to match on unit variant `core::option::Option::None`, use the full path in the pattern\n   \u001b[1m\u001b[96m|\u001b[0m\n\u001b[1m\u001b[96m77\u001b[0m \u001b[1m\u001b[96m| \u001b[0m                \u001b[92mcore::option::Option::\u001b[0mNone | Some(_) => return None,\n   \u001b[1m\u001b[96m|\u001b[0m                 \u001b[92m++++++++++++++++++++++\u001b[0m\n\n"}
{"$message_type":"diagnostic","message":"cannot find tuple struct or tuple variant `Some` in this scope","code":{"code":"E0531","explanation":"An unknown tuple struct/variant has been used.\n\nErroneous code example:\n\n```compile_fail,E0531\nlet Type(x) = Type(12); // error!\nmatch Bar(12) {\n    Bar(x) => {} // error!\n    _ => {}\n}\n```\n\nIn most cases, it's either a forgotten import or a typo. However, let's look at\nhow you can have such a type:\n\n```edition2018\nstruct Type(u32); // this is a tuple struct\n\nenum Foo {\n    Bar(u32), // this is a tuple variant\n}\n\nuse Foo::*; // To use Foo's variant directly, we need to import them in\n            // the scope.\n```\n\nEither way, it should work fine with our previous code:\n\n```edition2018\nstruct Type(u32);\n\nenum Foo {\n    Bar(u32),\n}\nuse Foo::*;\n\nlet Type(x) = Type(12); // ok!\nmatch Type(12) {\n    Type(x) => {} // ok!\n    _ => {}\n}\n```\n"},"level":"error","spans":[{"file_name":"C:\\Users\\dhina\\.cargo\\registry\\src\\index.crates.io-1949cf8c6b5b557f\\rustversion-1.0.22\\build\\rustc.rs","byte_start":686,"byte_end":690,"line_start":38,"line_end":38,"column_start":9,"column_end":13,"is_primary":true,"text":[{"text":"        Some(\"rustc\") => {}","highlight_start":9,"highlight_end":13}],"label":"not found in this scope","suggested_replacement":null,"suggestion_applicability":null,"expansion":null}],"children":[{"message":"consider importing this tuple variant","code":null,"level":"help","spans":[{"file_name":"C:\\Users\\dhina\\.cargo\\registry\\src\\index.crates.io-1949cf8c6b5b557f\\rustversion-1.0.22\\build\\rustc.rs","byte_start":0,"byte_end":0,"line_start":1,"line_end":1,"column_start":1,"column_end":1,"is_primary":true,"text":[{"text":"use self::Channel::*;","highlight_start":1,"highlight_end":1}],"label":null,"suggested_replacement":"use core::option::Option::Some;\n","suggestion_applicability":"MaybeIncorrect","expansion":null}],"children":[],"rendered":null}],"rendered":"\u001b[1m\u001b[91merror[E0531]\u001b[0m\u001b[1m\u001b[97m: cannot find tuple struct or tuple variant `Some` in this scope\u001b[0m\n  \u001b[1m\u001b[96m--> \u001b[0mC:\\Users\\dhina\\.cargo\\registry\\src\\index.crates.io-1949cf8c6b5b557f\\rustversion-1.0.22\\build\\rustc.rs:38:9\n   \u001b[1m\u001b[96m|\u001b[0m\n\u001b[1m\u001b[96m38\u001b[0m \u001b[1m\u001b[96m|\u001b[0m         Some(\"rustc\") => {}\n   \u001b[1m\u001b[96m|\u001b[0m         \u001b[1m\u001b[91m^^^^\u001b[0m \u001b[1m\u001b[91mnot found in this scope\u001b[0m\n   \u001b[1m\u001b[96m|\u001b[0m\n\u001b[1m\u001b[96mhelp\u001b[0m: consider importing this tuple variant\n   \u001b[1m\u001b[96m|\u001b[0m\n \u001b[1m\u001b[96m1\u001b[0m \u001b[92m+ use core::option::Option::Some;\u001b[0m\n   \u001b[1m\u001b[96m|\u001b[0m\n\n"}
{"$message_type":"diagnostic","message":"cannot find tuple struct or tuple variant `Some` in this scope","code":{"code":"E0531","explanation":"An unknown tuple struct/variant has been used.\n\nErroneous code example:\n\n```compile_fail,E0531\nlet Type(x) = Type(12); // error!\nmatch Bar(12) {\n    Bar(x) => {} // error!\n    _ => {}\n}\n```\n\nIn most cases, it's either a forgotten import or a typo. However, let's look at\nhow you can have such a type:\n\n```edition2018\nstruct Type(u32); // this is a tuple struct\n\nenum Foo {\n    Bar(u32), // this is a tuple variant\n}\n\nuse Foo::*; // To use Foo's variant directly, we need to import them in\n            // the scope.\n```\n\nEither way, it should work fine with our previous code:\n\n```edition2018\nstruct Type(u32);\n\nenum Foo {\n    Bar(u32),\n}\nuse Foo::*;\n\nlet Type(x) = Type(12); // ok!\nmatch Type(12) {\n    Type(x) => {} // ok!\n    _ => {}\n}\n```\n"},"level":"error","spans":[{"file_name":"C:\\Users\\dhina\\.cargo\\registry\\src\\index.crates.io-1949cf8c6b5b557f\\rustversion-1.0.22\\build\\rustc.rs","byte_start":714,"byte_end":718,"line_start":39,"line_end":39,"column_start":9,"column_end":13,"is_primary":true,"text":[{"text":"        Some(word) if word.starts_with(\"clippy\") => return ParseResult::OopsClippy,","highlight_start":9,"highlight_end":13}],"label":"not found in this scope","suggested_replacement":null,"suggestion_applicability":null,"expansion":null}],"children":[{"message":"consider importing this tuple variant","code":null,"level":"help","spans":[{"file_name":"C:\\Users\\dhina\\.cargo\\registry\\src\\index.crates.io-1949cf8c6b5b557f\\rustversion-1.0.22\\build\\rustc.rs","byte_start":0,"byte_end":0,"line_start":1,"line_end":1,"column_start":1,"column_end":1,"is_primary":true,"text":[{"text":"use self::Channel::*;","highlight_start":1,"highlight_end":1}],"label":null,"suggested_replacement":"use core::option::Option::Some;\n","suggestion_applicability":"MaybeIncorrect","expansion":null}],"children":[],"rendered":null}],"rendered":"\u001b[1m\u001b[91merror[E0531]\u001b[0m\u001b[1m\u001b[97m: cannot find tuple struct or tuple variant `Some` in this scope\u001b[0m\n  \u001b[1m\u001b[96m--> \u001b[0mC:\\Users\\dhina\\.cargo\\registry\\src\\index.crates.io-1949cf8c6b5b557f\\rustversion-1.0.22\\build\\rustc.rs:39:9\n   \u001b[1m\u001b[96m|\u001b[0m\n\u001b[1m\u001b[96m39\u001b[0m \u001b[1m\u001b[96m|\u001b[0m         Some(word) if word.starts_with(\"clippy\") => return ParseResult::OopsClippy,\n   \u001b[1m\u001b[96m|\u001b[0m         \u001b[1m\u001b[91m^^^^\u001b[0m \u001b[1m\u001b[91mnot found in this scope\u001b[0m\n   \u001b[1m\u001b[96m|\u001b[0m\n\u001b[1m\u001b[96mhelp\u001b[0m: consider importing this tuple variant\n   \u001b[1m\u001b[96m|\u001b[0m\n \u001b[1m\u001b[96m1\u001b[0m \u001b[92m+ use core::option::Option::Some;\u001b[0m\n   \u001b[1m\u001b[96m|\u001b[0m\n\n"}
{"$message_type":"diagnostic","message":"cannot find tuple struct or tuple variant `Some` in this scope","code":{"code":"E0531","explanation":"An unknown tuple struct/variant has been used.\n\nErroneous code example:\n\n```compile_fail,E0531\nlet Type(x) = Type(12); // error!\nmatch Bar(12) {\n    Bar(x) => {} // error!\n    _ => {}\n}\n```\n\nIn most cases, it's either a forgotten import or a typo. However, let's look at\nhow you can have such a type:\n\n```edition2018\nstruct Type(u32); // this is a tuple struct\n\nenum Foo {\n    Bar(u32), // this is a tuple variant\n}\n\nuse Foo::*; // To use Foo's variant directly, we need to import them in\n            // the scope.\n```\n\nEither way, it should work fine with our previous code:\n\n```edition2018\nstruct Type(u32);\n\nenum Foo {\n    Bar(u32),\n}\nuse Foo::*;\n\nlet Type(x) = Type(12); // ok!\nmatch Type(12) {\n    Type(x) => {} // ok!\n    _ => {}\n}\n```\n"},"level":"error","spans":[{"file_name":"C:\\Users\\dhina\\.cargo\\registry\\src\\index.crates.io-1949cf8c6b5b557f\\rustversion-1.0.22\\build\\rustc.rs","byte_start":798,"byte_end":802,"line_start":40,"line_end":40,"column_start":9,"column_end":13,"is_primary":true,"text":[{"text":"        Some(\"mirai\") => return ParseResult::OopsMirai,","highlight_start":9,"highlight_end":13}],"label":"not found in this scope","suggested_replacement":null,"suggestion_applicability":null,"expansion":null}],"children":[{"message":"consider importing this tuple variant","code":null,"level":"help","spans":[{"file_name":"C:\\Users\\dhina\\.cargo\\registry\\src\\index.crates.io-1949cf8c6b5b557f\\rustversion-1.0.22\\build\\rustc.rs","byte_start":0,"byte_end":0,"line_start":1,"line_end":1,"column_start":1,"column_end":1,"is_primary":true,"text":[{"text":"use self::Channel::*;","highlight_start":1,"highlight_end":1}],"label":null,"suggested_replacement":"use core::option::Option::Some;\n","suggestion_applicability":"MaybeIncorrect","expansion":null}],"children":[],"rendered":null}],"rendered":"\u001b[1m\u001b[91merror[E0531]\u001b[0m\u001b[1m\u001b[97m: cannot find tuple struct or tuple variant `Some` in this scope\u001b[0m\n  \u001b[1m\u001b[96m--> \u001b[0mC:\\Users\\dhina\\.cargo\\registry\\src\\index.crates.io-1949cf8c6b5b557f\\rustversion-1.0.22\\build\\rustc.rs:40:9\n   \u001b[1m\u001b[96m|\u001b[0m\n\u001b[1m\u001b[96m40\u001b[0m \u001b[1m\u001b[96m|\u001b[0m         Some(\"mirai\") => return ParseResult::OopsMirai,\n   \u001b[1m\u001b[96m|\u001b[0m         \u001b[1m\u001b[91m^^^^\u001b[0m \u001b[1m\u001b[91mnot found in this scope\u001b[0m\n   \u001b[1m\u001b[96m|\u001b[0m\n\u001b[1m\u001b[96mhelp\u001b[0m: consider importing this tuple variant\n   \u001b[1m\u001b[96m|\u001b[0m\n \u001b[1m\u001b[96m1\u001b[0m \u001b[92m+ use core::option::Option::Some;\u001b[0m\n   \u001b[1m\u001b[96m|\u001b[0m\n\n"}
{"$message_type":"diagnostic","message":"cannot find tuple struct or tuple variant `Some` in this scope","code":{"code":"E0531","explanation":"An unknown tuple struct/variant has been used.\n\nErroneous code example:\n\n```compile_fail,E0531\nlet Type(x) = Type(12); // error!\nmatch Bar(12) {\n    Bar(x) => {} // error!\n    _ => {}\n}\n```\n\nIn most cases, it's either a forgotten import or a typo. However, let's look at\nhow you can have such a type:\n\n```edition2018\nstruct Type(u32); // this is a tuple struct\n\nenum Foo {\n    Bar(u32), // this is a tuple variant\n}\n\nuse Foo::*; // To use Foo's variant directly, we need to import them in\n            // the scope.\n```\n\nEither way, it should work fine with our previous code:\n\n```edition2018\nstruct Type(u32);\n\nenum Foo {\n    Bar(u32),\n}\nuse Foo::*;\n\nlet Type(x) = Type(12); // ok!\nmatch Type(12) {\n    Type(x) => {} // ok!\n    _ => {}\n}\n```\n"},"level":"error","spans":[{"file_name":"C:\\Users\\dhina\\.cargo\\registry\\src\\index.crates.io-1949cf8c6b5b557f\\rustversion-1.0.22\\build\\rustc.rs","byte_start":854,"byte_end":858,"line_start":41,"line_end":41,"column_start":9,"column_end":13,"is_primary":true,"text":[{"text":"        Some(_) | None => return ParseResult::Unrecognized,","highlight_start":9,"highlight_end":13}],"label":"not found in this scope","suggested_replacement":null,"suggestion_applicability":null,"expansion":null}],"children":[{"message":"consider importing this tuple variant","code":null,"level":"help","spans":[{"file_name":"C:\\Users\\dhina\\.cargo\\registry\\src\\index.crates.io-1949cf8c6b5b557f\\rustversion-1.0.22\\build\\rustc.rs","byte_start":0,"byte_end":0,"line_start":1,"line_end":1,"column_start":1,"column_end":1,"is_primary":true,"text":[{"text":"use self::Channel::*;","highlight_start":1,"highlight_end":1}],"label":null,"suggested_replacement":"use core::option::Option::Some;\n","suggestion_applicability":"MaybeIncorrect","expansion":null}],"children":[],"rendered":null}],"rendered":"\u001b[1m\u001b[91merror[E0531]\u001b[0m\u001b[1m\u001b[97m: cannot find tuple struct or tuple variant `Some` in this scope\u001b[0m\n  \u001b[1m\u001b[96m--> \u001b[0mC:\\Users\\dhina\\.cargo\\registry\\src\\index.crates.io-1949cf8c6b5b557f\\rustversion-1.0.22\\build\\rustc.rs:41:9\n   \u001b[1m\u001b[96m|\u001b[0m\n\u001b[1m\u001b[96m41\u001b[0m \u001b[1m\u001b[96m|\u001b[0m         Some(_) | None => return ParseResult::Unrecognized,\n   \u001b[1m\u001b[96m|\u001b[0m         \u001b[1m\u001b[91m^^^^\u001b[0m \u001b[1m\u001b[91mnot found in this scope\u001b[0m\n   \u001b[1m\u001b[96m|\u001b[0m\n\u001b[1m\u001b[96mhelp\u001b[0m: consider importing this tuple variant\n   \u001b[1m\u001b[96m|\u001b[0m\n \u001b[1m\u001b[96m1\u001b[0m \u001b[92m+ use core::option::Option::Some;\u001b[0m\n   \u001b[1m\u001b[96m|\u001b[0m\n\n"}
{"$message_type":"diagnostic","message":"cannot find trait `Iterator` in this scope","code":{"code":"E0405","explanation":"The code refers to a trait that is not in scope.\n\nErroneous code example:\n\n```compile_fail,E0405\nstruct Foo;\n\nimpl SomeTrait for Foo {} // error: trait `SomeTrait` is not in scope\n```\n\nPlease verify that the name of the trait wasn't misspelled and ensure that it\nwas imported. Example:\n\n```\n# #[cfg(for_demonstration_only)]\n// solution 1:\nuse some_file::SomeTrait;\n\n// solution 2:\ntrait SomeTrait {\n    // some functions\n}\n\nstruct Foo;\n\nimpl SomeTrait for Foo { // ok!\n    // implements functions\n}\n```\n"},"level":"error","spans":[{"file_name":"C:\\Users\\dhina\\.cargo\\registry\\src\\index.crates.io-1949cf8c6b5b557f\\rustversion-1.0.22\\build\\rustc.rs","byte_start":1031,"byte_end":1039,"line_start":47,"line_end":47,"column_start":32,"column_end":40,"is_primary":true,"text":[{"text":"fn parse_words(words: &mut dyn Iterator<Item = &str>) -> Option<Version> {","highlight_start":32,"highlight_end":40}],"label":"not found in this scope","suggested_replacement":null,"suggestion_applicability":null,"expansion":null}],"children":[{"message":"consider importing this trait","code":null,"level":"help","spans":[{"file_name":"C:\\Users\\dhina\\.cargo\\registry\\src\\index.crates.io-1949cf8c6b5b557f\\rustversion-1.0.22\\build\\rustc.rs","byte_start":0,"byte_end":0,"line_start":1,"line_end":1,"column_start":1,"column_end":1,"is_primary":true,"text":[{"text":"use self::Channel::*;","highlight_start":1,"highlight_end":1}],"label":null,"suggested_replacement":"use core::iter::Iterator;\n","suggestion_applicability":"MaybeIncorrect","expansion":null}],"children":[],"rendered":null}],"rendered":"\u001b[1m\u001b[91merror[E0405]\u001b[0m\u001b[1m\u001b[97m: cannot find trait `Iterator` in this scope\u001b[0m\n  \u001b[1m\u001b[96m--> \u001b[0mC:\\Users\\dhina\\.cargo\\registry\\src\\index.crates.io-1949cf8c6b5b557f\\rustversion-1.0.22\\build\\rustc.rs:47:32\n   \u001b[1m\u001b[96m|\u001b[0m\n\u001b[1m\u001b[96m47\u001b[0m \u001b[1m\u001b[96m|\u001b[0m fn parse_words(words: &mut dyn Iterator<Item = &str>) -> Option<Version> {\n   \u001b[1m\u001b[96m|\u001b[0m                                \u001b[1m\u001b[91m^^^^^^^^\u001b[0m \u001b[1m\u001b[91mnot found in this scope\u001b[0m\n   \u001b[1m\u001b[96m|\u001b[0m\n\u001b[1m\u001b[96mhelp\u001b[0m: consider importing this trait\n   \u001b[1m\u001b[96m|\u001b[0m\n \u001b[1m\u001b[96m1\u001b[0m \u001b[92m+ use core::iter::Iterator;\u001b[0m\n   \u001b[1m\u001b[96m|\u001b[0m\n\n"}
{"$message_type":"diagnostic","message":"cannot find type `Option` in this scope","code":{"code":"E0412","explanation":"A used type name is not in scope.\n\nErroneous code examples:\n\n```compile_fail,E0412\nimpl Something {} // error: type name `Something` is not in scope\n\n// or:\n\ntrait Foo {\n    fn bar(N); // error: type name `N` is not in scope\n}\n\n// or:\n\nfn foo(x: T) {} // type name `T` is not in scope\n```\n\nTo fix this error, please verify you didn't misspell the type name, you did\ndeclare it or imported it into the scope. Examples:\n\n```\nstruct Something;\n\nimpl Something {} // ok!\n\n// or:\n\ntrait Foo {\n    type N;\n\n    fn bar(_: Self::N); // ok!\n}\n\n// or:\n\nfn foo<T>(x: T) {} // ok!\n```\n\nAnother case that causes this error is when a type is imported into a parent\nmodule. To fix this, you can follow the suggestion and use File directly or\n`use super::File;` which will import the types from the parent namespace. An\nexample that causes this error is below:\n\n```compile_fail,E0412\nuse std::fs::File;\n\nmod foo {\n    fn some_function(f: File) {}\n}\n```\n\n```\nuse std::fs::File;\n\nmod foo {\n    // either\n    use super::File;\n    // or\n    // use std::fs::File;\n    fn foo(f: File) {}\n}\n# fn main() {} // don't insert it for us; that'll break imports\n```\n"},"level":"error","spans":[{"file_name":"C:\\Users\\dhina\\.cargo\\registry\\src\\index.crates.io-1949cf8c6b5b557f\\rustversion-1.0.22\\build\\rustc.rs","byte_start":1057,"byte_end":1063,"line_start":47,"line_end":47,"column_start":58,"column_end":64,"is_primary":true,"text":[{"text":"fn parse_words(words: &mut dyn Iterator<Item = &str>) -> Option<Version> {","highlight_start":58,"highlight_end":64}],"label":"not found in this scope","suggested_replacement":null,"suggestion_applicability":null,"expansion":null}],"children":[{"message":"consider importing this enum","code":null,"level":"help","spans":[{"file_name":"C:\\Users\\dhina\\.cargo\\registry\\src\\index.crates.io-1949cf8c6b5b557f\\rustversion-1.0.22\\build\\rustc.rs","byte_start":0,"byte_end":0,"line_start":1,"line_end":1,"column_start":1,"column_end":1,"is_primary":true,"text":[{"text":"use self::Channel::*;","highlight_start":1,"highlight_end":1}],"label":null,"suggested_replacement":"use core::option::Option;\n","suggestion_applicability":"MaybeIncorrect","expansion":null}],"children":[],"rendered":null}],"rendered":"\u001b[1m\u001b[91merror[E0412]\u001b[0m\u001b[1m\u001b[97m: cannot find type `Option` in this scope\u001b[0m\n  \u001b[1m\u001b[96m--> \u001b[0mC:\\Users\\dhina\\.cargo\\registry\\src\\index.crates.io-1949cf8c6b5b557f\\rustversion-1.0.22\\build\\rustc.rs:47:58\n   \u001b[1m\u001b[96m|\u001b[0m\n\u001b[1m\u001b[96m47\u001b[0m \u001b[1m\u001b[96m|\u001b[0m fn parse_words(words: &mut dyn Iterator<Item = &str>) -> Option<Version> {\n   \u001b[1m\u001b[96m|\u001b[0m                                                          \u001b[1m\u001b[91m^^^^^^\u001b[0m \u001b[1m\u001b[91mnot found in this scope\u001b[0m\n   \u001b[1m\u001b[96m|\u001b[0m\n\u001b[1m\u001b[96mhelp\u001b[0m: consider importing this enum\n   \u001b[1m\u001b[96m|\u001b[0m\n \u001b[1m\u001b[96m1\u001b[0m \u001b[92m+ use core::option::Option;\u001b[0m\n   \u001b[1m\u001b[96m|\u001b[0m\n\n"}
{"$message_type":"diagnostic","message":"cannot find value `None` in this scope","code":{"code":"E0425","explanation":"An unresolved name was used.\n\nErroneous code examples:\n\n```compile_fail,E0425\nsomething_that_doesnt_exist::foo;\n// error: unresolved name `something_that_doesnt_exist::foo`\n\n// or:\n\ntrait Foo {\n    fn bar() {\n        Self; // error: unresolved name `Self`\n    }\n}\n\n// or:\n\nlet x = unknown_variable;  // error: unresolved name `unknown_variable`\n```\n\nPlease verify that the name wasn't misspelled and ensure that the\nidentifier being referred to is valid for the given situation. Example:\n\n```\nenum something_that_does_exist {\n    Foo,\n}\n```\n\nOr:\n\n```\nmod something_that_does_exist {\n    pub static foo : i32 = 0i32;\n}\n\nsomething_that_does_exist::foo; // ok!\n```\n\nOr:\n\n```\nlet unknown_variable = 12u32;\nlet x = unknown_variable; // ok!\n```\n\nIf the item is not defined in the current module, it must be imported using a\n`use` statement, like so:\n\n```\n# mod foo { pub fn bar() {} }\n# fn main() {\nuse foo::bar;\nbar();\n# }\n```\n\nIf the item you are importing is not defined in some super-module of the\ncurrent module, then it must also be declared as public (e.g., `pub fn`).\n"},"level":"error","spans":[{"file_name":"C:\\Users\\dhina\\.cargo\\registry\\src\\index.crates.io-1949cf8c6b5b557f\\rustversion-1.0.22\\build\\rustc.rs","byte_start":1327,"byte_end":1331,"line_start":55,"line_end":55,"column_start":16,"column_end":20,"is_primary":true,"text":[{"text":"        return None;","highlight_start":16,"highlight_end":20}],"label":"not found in this scope","suggested_replacement":null,"suggestion_applicability":null,"expansion":null}],"children":[{"message":"consider importing this unit variant","code":null,"level":"help","spans":[{"file_name":"C:\\Users\\dhina\\.cargo\\registry\\src\\index.crates.io-1949cf8c6b5b557f\\rustversion-1.0.22\\build\\rustc.rs","byte_start":0,"byte_end":0,"line_start":1,"line_end":1,"column_start":1,"column_end":1,"is_primary":true,"text":[{"text":"use self::Channel::*;","highlight_start":1,"highlight_end":1}],"label":null,"suggested_replacement":"use core::option::Option::None;\n","suggestion_applicability":"MaybeIncorrect","expansion":null}],"children":[],"rendered":null}],"rendered":"\u001b[1m\u001b[91merror[E0425]\u001b[0m\u001b[1m\u001b[97m: cannot find value `None` in this scope\u001b[0m\n  \u001b[1m\u001b[96m--> \u001b[0mC:\\Users\\dhina\\.cargo\\registry\\src\\index.crates.io-1949cf8c6b5b557f\\rustversion-1.0.22\\build\\rustc.rs:55:16\n   \u001b[1m\u001b[96m|\u001b[0m\n\u001b[1m\u001b[96m55\u001b[0m \u001b[1m\u001b[96m|\u001b[0m         return None;\n   \u001b[1m\u001b[96m|\u001b[0m                \u001b[1m\u001b[91m^^^^\u001b[0m \u001b[1m\u001b[91mnot found in this scope\u001b[0m\n   \u001b[1m\u001b[96m|\u001b[0m\n\u001b[1m\u001b[96mhelp\u001b[0m: consider importing this unit variant\n   \u001b[1m\u001b[96m|\u001b[0m\n \u001b[1m\u001b[96m1\u001b[0m \u001b[92m+ use core::option::Option::None;\u001b[0m\n   \u001b[1m\u001b[96m|\u001b[0m\n\n"}
{"$message_type":"diagnostic","message":"cannot find tuple struct or tuple variant `Some` in this scope","code":{"code":"E0531","explanation":"An unknown tuple struct/variant has been used.\n\nErroneous code example:\n\n```compile_fail,E0531\nlet Type(x) = Type(12); // error!\nmatch Bar(12) {\n    Bar(x) => {} // error!\n    _ => {}\n}\n```\n\nIn most cases, it's either a forgotten import or a typo. However, let's look at\nhow you can have such a type:\n\n```edition2018\nstruct Type(u32); // this is a tuple struct\n\nenum Foo {\n    Bar(u32), // this is a tuple variant\n}\n\nuse Foo::*; // To use Foo's variant directly, we need to import them in\n            // the scope.\n```\n\nEither way, it should work fine with our previous code:\n\n```edition2018\nstruct Type(u32);\n\nenum Foo {\n    Bar(u32),\n}\nuse Foo::*;\n\nlet Type(x) = Type(12); // ok!\nmatch Type(12) {\n    Type(x) => {} // ok!\n    _ => {}\n}\n```\n"},"level":"error","spans":[{"file_name":"C:\\Users\\dhina\\.cargo\\registry\\src\\index.crates.io-1949cf8c6b5b557f\\rustversion-1.0.22\\build\\rustc.rs","byte_start":1512,"byte_end":1516,"line_start":62,"line_end":62,"column_start":9,"column_end":13,"is_primary":true,"text":[{"text":"        Some(\"dev\") => Dev,","highlight_start":9,"highlight_end":13}],"label":"not found in this scope","suggested_replacement":null,"suggestion_applicability":null,"expansion":null}],"children":[{"message":"consider importing this tuple variant","code":null,"level":"help","spans":[{"file_name":"C:\\Users\\dhina\\.cargo\\registry\\src\\index.crates.io-1949cf8c6b5b557f\\rustversion-1.0.22\\build\\rustc.rs","byte_start":0,"byte_end":0,"line_start":1,"line_end":1,"column_start":1,"column_end":1,"is_primary":true,"text":[{"text":"use self::Channel::*;","highlight_start":1,"highlight_end":1}],"label":null,"suggested_replacement":"use core::option::Option::Some;\n","suggestion_applicability":"MaybeIncorrect","expansion":null}],"children":[],"rendered":null}],"rendered":"\u001b[1m\u001b[91merror[E0531]\u001b[0m\u001b[1m\u001b[97m: cannot find tuple struct or tuple variant `Some` in this scope\u001b[0m\n  \u001b[1m\u001b[96m--> \u001b[0mC:\\Users\\dhina\\.cargo\\registry\\src\\index.crates.io-1949cf8c6b5b557f\\rustversion-1.0.22\\build\\rustc.rs:62:9\n   \u001b[1m\u001b[96m|\u001b[0m\n\u001b[1m\u001b[96m62\u001b[0m \u001b[1m\u001b[96m|\u001b[0m         Some(\"dev\") => Dev,\n   \u001b[1m\u001b[96m|\u001b[0m         \u001b[1m\u001b[91m^^^^\u001b[0m \u001b[1m\u001b[91mnot found in this scope\u001b[0m\n   \u001b[1m\u001b[96m|\u001b[0m\n\u001b[1m\u001b[96mhelp\u001b[0m: consider importing this tuple variant\n   \u001b[1m\u001b[96m|\u001b[0m\n \u001b[1m\u001b[96m1\u001b[0m \u001b[92m+ use core::option::Option::Some;\u001b[0m\n   \u001b[1m\u001b[96m|\u001b[0m\n\n"}
{"$message_type":"diagnostic","message":"cannot find tuple struct or tuple variant `Some` in this scope","code":{"code":"E0531","explanation":"An unknown tuple struct/variant has been used.\n\nErroneous code example:\n\n```compile_fail,E0531\nlet Type(x) = Type(12); // error!\nmatch Bar(12) {\n    Bar(x) => {} // error!\n    _ => {}\n}\n```\n\nIn most cases, it's either a forgotten import or a typo. However, let's look at\nhow you can have such a type:\n\n```edition2018\nstruct Type(u32); // this is a tuple struct\n\nenum Foo {\n    Bar(u32), // this is a tuple variant\n}\n\nuse Foo::*; // To use Foo's variant directly, we need to import them in\n            // the scope.\n```\n\nEither way, it should work fine with our previous code:\n\n```edition2018\nstruct Type(u32);\n\nenum Foo {\n    Bar(u32),\n}\nuse Foo::*;\n\nlet Type(x) = Type(12); // ok!\nmatch Type(12) {\n    Type(x) => {} // ok!\n    _ => {}\n}\n```\n"},"level":"error","spans":[{"file_name":"C:\\Users\\dhina\\.cargo\\registry\\src\\index.crates.io-1949cf8c6b5b557f\\rustversion-1.0.22\\build\\rustc.rs","byte_start":1540,"byte_end":1544,"line_start":63,"line_end":63,"column_start":9,"column_end":13,"is_primary":true,"text":[{"text":"        Some(channel) if channel.starts_with(\"beta\") => Beta,","highlight_start":9,"highlight_end":13}],"label":"not found in this scope","suggested_replacement":null,"suggestion_applicability":null,"expansion":null}],"children":[{"message":"consider importing this tuple variant","code":null,"level":"help","spans":[{"file_name":"C:\\Users\\dhina\\.cargo\\registry\\src\\index.crates.io-1949cf8c6b5b557f\\rustversion-1.0.22\\build\\rustc.rs","byte_start":0,"byte_end":0,"line_start":1,"line_end":1,"column_start":1,"column_end":1,"is_primary":true,"text":[{"text":"use self::Channel::*;","highlight_start":1,"highlight_end":1}],"label":null,"suggested_replacement":"use core::option::Option::Some;\n","suggestion_applicability":"MaybeIncorrect","expansion":null}],"children":[],"rendered":null}],"rendered":"\u001b[1m\u001b[91merror[E0531]\u001b[0m\u001b[1m\u001b[97m: cannot find tuple struct or tuple variant `Some` in this scope\u001b[0m\n  \u001b[1m\u001b[96m--> \u001b[0mC:\\Users\\dhina\\.cargo\\registry\\src\\index.crates.io-1949cf8c6b5b557f\\rustversion-1.0.22\\build\\rustc.rs:63:9\n   \u001b[1m\u001b[96m|\u001b[0m\n\u001b[1m\u001b[96m63\u001b[0m \u001b[1m\u001b[96m|\u001b[0m         Some(channel) if channel.starts_with(\"beta\") => Beta,\n   \u001b[1m\u001b[96m|\u001b[0m         \u001b[1m\u001b[91m^^^^\u001b[0m \u001b[1m\u001b[91mnot found in this scope\u001b[0m\n   \u001b[1m\u001b[96m|\u001b[0m\n\u001b[1m\u001b[96mhelp\u001b[0m: consider importing this tuple variant\n   \u001b[1m\u001b[96m|\u001b[0m\n \u001b[1m\u001b[96m1\u001b[0m \u001b[92m+ use core::option::Option::Some;\u001b[0m\n   \u001b[1m\u001b[96m|\u001b[0m\n\n"}
{"$message_type":"diagnostic","message":"cannot find tuple struct or tuple variant `Some` in this scope","code":{"code":"E0531","explanation":"An unknown tuple struct/variant has been used.\n\nErroneous code example:\n\n```compile_fail,E0531\nlet Type(x) = Type(12); // error!\nmatch Bar(12) {\n    Bar(x) => {} // error!\n    _ => {}\n}\n```\n\nIn most cases, it's either a forgotten import or a typo. However, let's look at\nhow you can have such a type:\n\n```edition2018\nstruct Type(u32); // this is a tuple struct\n\nenum Foo {\n    Bar(u32), // this is a tuple variant\n}\n\nuse Foo::*; // To use Foo's variant directly, we need to import them in\n            // the scope.\n```\n\nEither way, it should work fine with our previous code:\n\n```edition2018\nstruct Type(u32);\n\nenum Foo {\n    Bar(u32),\n}\nuse Foo::*;\n\nlet Type(x) = Type(12); // ok!\nmatch Type(12) {\n    Type(x) => {} // ok!\n    _ => {}\n}\n```\n"},"level":"error","spans":[{"file_name":"C:\\Users\\dhina\\.cargo\\registry\\src\\index.crates.io-1949cf8c6b5b557f\\rustversion-1.0.22\\build\\rustc.rs","byte_start":1602,"byte_end":1606,"line_start":64,"line_end":64,"column_start":9,"column_end":13,"is_primary":true,"text":[{"text":"        Some(\"nightly\") => match words.next() {","highlight_start":9,"highlight_end":13}],"label":"not found in this scope","suggested_replacement":null,"suggestion_applicability":null,"expansion":null}],"children":[{"message":"consider importing this tuple variant","code":null,"level":"help","spans":[{"file_name":"C:\\Users\\dhina\\.cargo\\registry\\src\\index.crates.io-1949cf8c6b5b557f\\rustversion-1.0.22\\build\\rustc.rs","byte_start":0,"byte_end":0,"line_start":1,"line_end":1,"column_start":1,"column_end":1,"is_primary":true,"text":[{"text":"use self::Channel::*;","highlight_start":1,"highlight_end":1}],"label":null,"suggested_replacement":"use core::option::Option::Some;\n","suggestion_applicability":"MaybeIncorrect","expansion":null}],"children":[],"rendered":null}],"rendered":"\u001b[1m\u001b[91merror[E0531]\u001b[0m\u001b[1m\u001b[97m: cannot find tuple struct or tuple variant `Some` in this scope\u001b[0m\n  \u001b[1m\u001b[96m--> \u001b[0mC:\\Users\\dhina\\.cargo\\registry\\src\\index.crates.io-1949cf8c6b5b557f\\rustversion-1.0.22\\build\\rustc.rs:64:9\n   \u001b[1m\u001b[96m|\u001b[0m\n\u001b[1m\u001b[96m64\u001b[0m \u001b[1m\u001b[96m|\u001b[0m         Some(\"nightly\") => match words.next() {\n   \u001b[1m\u001b[96m|\u001b[0m         \u001b[1m\u001b[91m^^^^\u001b[0m \u001b[1m\u001b[91mnot found in this scope\u001b[0m\n   \u001b[1m\u001b[96m|\u001b[0m\n\u001b[1m\u001b[96mhelp\u001b[0m: consider importing this tuple variant\n   \u001b[1m\u001b[96m|\u001b[0m\n \u001b[1m\u001b[96m1\u001b[0m \u001b[92m+ use core::option::Option::Some;\u001b[0m\n   \u001b[1m\u001b[96m|\u001b[0m\n\n"}
{"$message_type":"diagnostic","message":"cannot find tuple struct or tuple variant `Some` in this scope","code":{"code":"E0531","explanation":"An unknown tuple struct/variant has been used.\n\nErroneous code example:\n\n```compile_fail,E0531\nlet Type(x) = Type(12); // error!\nmatch Bar(12) {\n    Bar(x) => {} // error!\n    _ => {}\n}\n```\n\nIn most cases, it's either a forgotten import or a typo. However, let's look at\nhow you can have such a type:\n\n```edition2018\nstruct Type(u32); // this is a tuple struct\n\nenum Foo {\n    Bar(u32), // this is a tuple variant\n}\n\nuse Foo::*; // To use Foo's variant directly, we need to import them in\n            // the scope.\n```\n\nEither way, it should work fine with our previous code:\n\n```edition2018\nstruct Type(u32);\n\nenum Foo {\n    Bar(u32),\n}\nuse Foo::*;\n\nlet Type(x) = Type(12); // ok!\nmatch Type(12) {\n    Type(x) => {} // ok!\n    _ => {}\n}\n```\n"},"level":"error","spans":[{"file_name":"C:\\Users\\dhina\\.cargo\\registry\\src\\index.crates.io-1949cf8c6b5b557f\\rustversion-1.0.22\\build\\rustc.rs","byte_start":1654,"byte_end":1658,"line_start":65,"line_end":65,"column_start":13,"column_end":17,"is_primary":true,"text":[{"text":"            Some(hash) if hash.starts_with('(') => match words.next() {","highlight_start":13,"highlight_end":17}],"label":"not found in this scope","suggested_replacement":null,"suggestion_applicability":null,"expansion":null}],"children":[{"message":"consider importing this tuple variant","code":null,"level":"help","spans":[{"file_name":"C:\\Users\\dhina\\.cargo\\registry\\src\\index.crates.io-1949cf8c6b5b557f\\rustversion-1.0.22\\build\\rustc.rs","byte_start":0,"byte_end":0,"line_start":1,"line_end":1,"column_start":1,"column_end":1,"is_primary":true,"text":[{"text":"use self::Channel::*;","highlight_start":1,"highlight_end":1}],"label":null,"suggested_replacement":"use core::option::Option::Some;\n","suggestion_applicability":"MaybeIncorrect","expansion":null}],"children":[],"rendered":null}],"rendered":"\u001b[1m\u001b[91merror[E0531]\u001b[0m\u001b[1m\u001b[97m: cannot find tuple struct or tuple variant `Some` in this scope\u001b[0m\n  \u001b[1m\u001b[96m--> \u001b[0mC:\\Users\\dhina\\.cargo\\registry\\src\\index.crates.io-1949cf8c6b5b557f\\rustversion-1.0.22\\build\\rustc.rs:65:13\n   \u001b[1m\u001b[96m|\u001b[0m\n\u001b[1m\u001b[96m65\u001b[0m \u001b[1m\u001b[96m|\u001b[0m             Some(hash) if hash.starts_with('(') => match words.next() {\n   \u001b[1m\u001b[96m|\u001b[0m             \u001b[1m\u001b[91m^^^^\u001b[0m \u001b[1m\u001b[91mnot found in this scope\u001b[0m\n   \u001b[1m\u001b[96m|\u001b[0m\n\u001b[1m\u001b[96mhelp\u001b[0m: consider importing this tuple variant\n   \u001b[1m\u001b[96m|\u001b[0m\n \u001b[1m\u001b[96m1\u001b[0m \u001b[92m+ use core::option::Option::Some;\u001b[0m\n   \u001b[1m\u001b[96m|\u001b[0m\n\n"}
{"$message_type":"diagnostic","message":"cannot find tuple struct or tuple variant `Some` in this scope","code":{"code":"E0531","explanation":"An unknown tuple struct/variant has been used.\n\nErroneous code example:\n\n```compile_fail,E0531\nlet Type(x) = Type(12); // error!\nmatch Bar(12) {\n    Bar(x) => {} // error!\n    _ => {}\n}\n```\n\nIn most cases, it's either a forgotten import or a typo. However, let's look at\nhow you can have such a type:\n\n```edition2018\nstruct Type(u32); // this is a tuple struct\n\nenum Foo {\n    Bar(u32), // this is a tuple variant\n}\n\nuse Foo::*; // To use Foo's variant directly, we need to import them in\n            // the scope.\n```\n\nEither way, it should work fine with our previous code:\n\n```edition2018\nstruct Type(u32);\n\nenum Foo {\n    Bar(u32),\n}\nuse Foo::*;\n\nlet Type(x) = Type(12); // ok!\nmatch Type(12) {\n    Type(x) => {} // ok!\n    _ => {}\n}\n```\n"},"level":"error","spans":[{"file_name":"C:\\Users\\dhina\\.cargo\\registry\\src\\index.crates.io-1949cf8c6b5b557f\\rustversion-1.0.22\\build\\rustc.rs","byte_start":1782,"byte_end":1786,"line_start":67,"line_end":67,"column_start":17,"column_end":21,"is_primary":true,"text":[{"text":"                Some(date) if date.ends_with(')') => {","highlight_start":17,"highlight_end":21}],"label":"not found in this scope","suggested_replacement":null,"suggestion_applicability":null,"expansion":null}],"children":[{"message":"consider importing this tuple variant","code":null,"level":"help","spans":[{"file_name":"C:\\Users\\dhina\\.cargo\\registry\\src\\index.crates.io-1949cf8c6b5b557f\\rustversion-1.0.22\\build\\rustc.rs","byte_start":0,"byte_end":0,"line_start":1,"line_end":1,"column_start":1,"column_end":1,"is_primary":true,"text":[{"text":"use self::Channel::*;","highlight_start":1,"highlight_end":1}],"label":null,"suggested_replacement":"use core::option::Option::Some;\n","suggestion_applicability":"MaybeIncorrect","expansion":null}],"children":[],"rendered":null}],"rendered":"\u001b[1m\u001b[91merror[E0531]\u001b[0m\u001b[1m\u001b[97m: cannot find tuple struct or tuple variant `Some` in this scope\u001b[0m\n  \u001b[1m\u001b[96m--> \u001b[0mC:\\Users\\dhina\\.cargo\\registry\\src\\index.crates.io-1949cf8c6b5b557f\\rustversion-1.0.22\\build\\rustc.rs:67:17\n   \u001b[1m\u001b[96m|\u001b[0m\n\u001b[1m\u001b[96m67\u001b[0m \u001b[1m\u001b[96m|\u001b[0m                 Some(date) if date.ends_with(')') => {\n   \u001b[1m\u001b[96m|\u001b[0m                 \u001b[1m\u001b[91m^^^^\u001b[0m \u001b[1m\u001b[91mnot found in this scope\u001b[0m\n   \u001b[1m\u001b[96m|\u001b[0m\n\u001b[1m\u001b[96mhelp\u001b[0m: consider importing this tuple variant\n   \u001b[1m\u001b[96m|\u001b[0m\n \u001b[1m\u001b[96m1\u001b[0m \u001b[92m+ use core::option::Option::Some;\u001b[0m\n   \u001b[1m\u001b[96m|\u001b[0m\n\n"}
{"$message_type":"diagnostic","message":"cannot find tuple struct or tuple variant `Some` in this scope","code":{"code":"E0531","explanation":"An unknown tuple struct/variant has been used.\n\nErroneous code example:\n\n```compile_fail,E0531\nlet Type(x) = Type(12); // error!\nmatch Bar(12) {\n    Bar(x) => {} // error!\n    _ => {}\n}\n```\n\nIn most cases, it's either a forgotten import or a typo. However, let's look at\nhow you can have such a type:\n\n```edition2018\nstruct Type(u32); // this is a tuple struct\n\nenum Foo {\n    Bar(u32), // this is a tuple variant\n}\n\nuse Foo::*; // To use Foo's variant directly, we need to import them in\n            // the scope.\n```\n\nEither way, it should work fine with our previous code:\n\n```edition2018\nstruct Type(u32);\n\nenum Foo {\n    Bar(u32),\n}\nuse Foo::*;\n\nlet Type(x) = Type(12); // ok!\nmatch Type(12) {\n    Type(x) => {} // ok!\n    _ => {}\n}\n```\n"},"level":"error","spans":[{"file_name":"C:\\Users\\dhina\\.cargo\\registry\\src\\index.crates.io-1949cf8c6b5b557f\\rustversion-1.0.22\\build\\rustc.rs","byte_start":2200,"byte_end":2204,"line_start":74,"line_end":74,"column_start":25,"column_end":29,"is_primary":true,"text":[{"text":"                        Some(_) => return None,","highlight_start":25,"highlight_end":29}],"label":"not found in this scope","suggested_replacement":null,"suggestion_applicability":null,"expansion":null}],"children":[{"message":"consider importing this tuple variant","code":null,"level":"help","spans":[{"file_name":"C:\\Users\\dhina\\.cargo\\registry\\src\\index.crates.io-1949cf8c6b5b557f\\rustversion-1.0.22\\build\\rustc.rs","byte_start":0,"byte_end":0,"line_start":1,"line_end":1,"column_start":1,"column_end":1,"is_primary":true,"text":[{"text":"use self::Channel::*;","highlight_start":1,"highlight_end":1}],"label":null,"suggested_replacement":"use core::option::Option::Some;\n","suggestion_applicability":"MaybeIncorrect","expansion":null}],"children":[],"rendered":null}],"rendered":"\u001b[1m\u001b[91merror[E0531]\u001b[0m\u001b[1m\u001b[97m: cannot find tuple struct or tuple variant `Some` in this scope\u001b[0m\n  \u001b[1m\u001b[96m--> \u001b[0mC:\\Users\\dhina\\.cargo\\registry\\src\\index.crates.io-1949cf8c6b5b557f\\rustversion-1.0.22\\build\\rustc.rs:74:25\n   \u001b[1m\u001b[96m|\u001b[0m\n\u001b[1m\u001b[96m74\u001b[0m \u001b[1m\u001b[96m|\u001b[0m                         Some(_) => return None,\n   \u001b[1m\u001b[96m|\u001b[0m                         \u001b[1m\u001b[91m^^^^\u001b[0m \u001b[1m\u001b[91mnot found in this scope\u001b[0m\n   \u001b[1m\u001b[96m|\u001b[0m\n\u001b[1m\u001b[96mhelp\u001b[0m: consider importing this tuple variant\n   \u001b[1m\u001b[96m|\u001b[0m\n \u001b[1m\u001b[96m1\u001b[0m \u001b[92m+ use core::option::Option::Some;\u001b[0m\n   \u001b[1m\u001b[96m|\u001b[0m\n\n"}
{"$message_type":"diagnostic","message":"cannot find value `None` in this scope","code":{"code":"E0425","explanation":"An unresolved name was used.\n\nErroneous code examples:\n\n```compile_fail,E0425\nsomething_that_doesnt_exist::foo;\n// error: unresolved name `something_that_doesnt_exist::foo`\n\n// or:\n\ntrait Foo {\n    fn bar() {\n        Self; // error: unresolved name `Self`\n    }\n}\n\n// or:\n\nlet x = unknown_variable;  // error: unresolved name `unknown_variable`\n```\n\nPlease verify that the name wasn't misspelled and ensure that the\nidentifier being referred to is valid for the given situation. Example:\n\n```\nenum something_that_does_exist {\n    Foo,\n}\n```\n\nOr:\n\n```\nmod something_that_does_exist {\n    pub static foo : i32 = 0i32;\n}\n\nsomething_that_does_exist::foo; // ok!\n```\n\nOr:\n\n```\nlet unknown_variable = 12u32;\nlet x = unknown_variable; // ok!\n```\n\nIf the item is not defined in the current module, it must be imported using a\n`use` statement, like so:\n\n```\n# mod foo { pub fn bar() {} }\n# fn main() {\nuse foo::bar;\nbar();\n# }\n```\n\nIf the item you are importing is not defined in some super-module of the\ncurrent module, then it must also be declared as public (e.g., `pub fn`).\n"},"level":"error","spans":[{"file_name":"C:\\Users\\dhina\\.cargo\\registry\\src\\index.crates.io-1949cf8c6b5b557f\\rustversion-1.0.22\\build\\rustc.rs","byte_start":2218,"byte_end":2222,"line_start":74,"line_end":74,"column_start":43,"column_end":47,"is_primary":true,"text":[{"text":"                        Some(_) => return None,","highlight_start":43,"highlight_end":47}],"label":"not found in this scope","suggested_replacement":null,"suggestion_applicability":null,"expansion":null}],"children":[{"message":"consider importing this unit variant","code":null,"level":"help","spans":[{"file_name":"C:\\Users\\dhina\\.cargo\\registry\\src\\index.crates.io-1949cf8c6b5b557f\\rustversion-1.0.22\\build\\rustc.rs","byte_start":0,"byte_end":0,"line_start":1,"line_end":1,"column_start":1,"column_end":1,"is_primary":true,"text":[{"text":"use self::Channel::*;","highlight_start":1,"highlight_end":1}],"label":null,"suggested_replacement":"use core::option::Option::None;\n","suggestion_applicability":"MaybeIncorrect","expansion":null}],"children":[],"rendered":null}],"rendered":"\u001b[1m\u001b[91merror[E0425]\u001b[0m\u001b[1m\u001b[97m: cannot find value `None` in this scope\u001b[0m\n  \u001b[1m\u001b[96m--> \u001b[0mC:\\Users\\dhina\\.cargo\\registry\\src\\index.crates.io-1949cf8c6b5b557f\\rustversion-1.0.22\\build\\rustc.rs:74:43\n   \u001b[1m\u001b[96m|\u001b[0m\n\u001b[1m\u001b[96m74\u001b[0m \u001b[1m\u001b[96m|\u001b[0m                         Some(_) => return None,\n   \u001b[1m\u001b[96m|\u001b[0m                                           \u001b[1m\u001b[91m^^^^\u001b[0m \u001b[1m\u001b[91mnot found in this scope\u001b[0m\n   \u001b[1m\u001b[96m|\u001b[0m\n\u001b[1m\u001b[96mhelp\u001b[0m: consider importing this unit variant\n   \u001b[1m\u001b[96m|\u001b[0m\n \u001b[1m\u001b[96m1\u001b[0m \u001b[92m+ use core::option::Option::None;\u001b[0m\n   \u001b[1m\u001b[96m|\u001b[0m\n\n"}
{"$message_type":"diagnostic","message":"cannot find tuple struct or tuple variant `Some` in this scope","code":{"code":"E0531","explanation":"An unknown tuple struct/variant has been used.\n\nErroneous code example:\n\n```compile_fail,E0531\nlet Type(x) = Type(12); // error!\nmatch Bar(12) {\n    Bar(x) => {} // error!\n    _ => {}\n}\n```\n\nIn most cases, it's either a forgotten import or a typo. However, let's look at\nhow you can have such a type:\n\n```edition2018\nstruct Type(u32); // this is a tuple struct\n\nenum Foo {\n    Bar(u32), // this is a tuple variant\n}\n\nuse Foo::*; // To use Foo's variant directly, we need to import them in\n            // the scope.\n```\n\nEither way, it should work fine with our previous code:\n\n```edition2018\nstruct Type(u32);\n\nenum Foo {\n    Bar(u32),\n}\nuse Foo::*;\n\nlet Type(x) = Type(12); // ok!\nmatch Type(12) {\n    Type(x) => {} // ok!\n    _ => {}\n}\n```\n"},"level":"error","spans":[{"file_name":"C:\\Users\\dhina\\.cargo\\registry\\src\\index.crates.io-1949cf8c6b5b557f\\rustversion-1.0.22\\build\\rustc.rs","byte_start":2287,"byte_end":2291,"line_start":77,"line_end":77,"column_start":24,"column_end":28,"is_primary":true,"text":[{"text":"                None | Some(_) => return None,","highlight_start":24,"highlight_end":28}],"label":"not found in this scope","suggested_replacement":null,"suggestion_applicability":null,"expansion":null}],"children":[{"message":"consider importing this tuple variant","code":null,"level":"help","spans":[{"file_name":"C:\\Users\\dhina\\.cargo\\registry\\src\\index.crates.io-1949cf8c6b5b557f\\rustversion-1.0.22\\build\\rustc.rs","byte_start":0,"byte_end":0,"line_start":1,"line_end":1,"column_start":1,"column_end":1,"is_primary":true,"text":[{"text":"use self::Channel::*;","highlight_start":1,"highlight_end":1}],"label":null,"suggested_replacement":"use core::option::Option::Some;\n","suggestion_applicability":"MaybeIncorrect","expansion":null}],"children":[],"rendered":null}],"rendered":"\u001b[1m\u001b[91merror[E0531]\u001b[0m\u001b[1m\u001b[97m: cannot find tuple struct or tuple variant `Some` in this scope\u001b[0m\n  \u001b[1m\u001b[96m--> \u001b[0mC:\\Users\\dhina\\.cargo\\registry\\src\\index.crates.io-1949cf8c6b5b557f\\rustversion-1.0.22\\build\\rustc.rs:77:24\n   \u001b[1m\u001b[96m|\u001b[0m\n\u001b[1m\u001b[96m77\u001b[0m \u001b[1m\u001b[96m|\u001b[0m                 None | Some(_) => return None,\n   \u001b[1m\u001b[96m|\u001b[0m                        \u001b[1m\u001b[91m^^^^\u001b[0m \u001b[1m\u001b[91mnot found in this scope\u001b[0m\n   \u001b[1m\u001b[96m|\u001b[0m\n\u001b[1m\u001b[96mhelp\u001b[0m: consider importing this tuple variant\n   \u001b[1m\u001b[96m|\u001b[0m\n \u001b[1m\u001b[96m1\u001b[0m \u001b[92m+ use core::option::Option::Some;\u001b[0m\n   \u001b[1m\u001b[96m|\u001b[0m\n\n"}
{"$message_type":"diagnostic","message":"cannot find tuple struct or tuple variant `Some` in this scope","code":{"code":"E0531","explanation":"An unknown tuple struct/variant has been used.\n\nErroneous code example:\n\n```compile_fail,E0531\nlet Type(x) = Type(12); // error!\nmatch Bar(12) {\n    Bar(x) => {} // error!\n    _ => {}\n}\n```\n\nIn most cases, it's either a forgotten import or a typo. However, let's look at\nhow you can have such a type:\n\n```edition2018\nstruct Type(u32); // this is a tuple struct\n\nenum Foo {\n    Bar(u32), // this is a tuple variant\n}\n\nuse Foo::*; // To use Foo's variant directly, we need to import them in\n            // the scope.\n```\n\nEither way, it should work fine with our previous code:\n\n```edition2018\nstruct Type(u32);\n\nenum Foo {\n    Bar(u32),\n}\nuse Foo::*;\n\nlet Type(x) = Type(12); // ok!\nmatch Type(12) {\n    Type(x) => {} // ok!\n    _ => {}\n}\n```\n"},"level":"error","spans":[{"file_name":"C:\\Users\\dhina\\.cargo\\registry\\src\\index.crates.io-1949cf8c6b5b557f\\rustversion-1.0.22\\build\\rustc.rs","byte_start":2338,"byte_end":2342,"line_start":79,"line_end":79,"column_start":13,"column_end":17,"is_primary":true,"text":[{"text":"            Some(_) => return None,","highlight_start":13,"highlight_end":17}],"label":"not found in this scope","suggested_replacement":null,"suggestion_applicability":null,"expansion":null}],"children":[{"message":"consider importing this tuple variant","code":null,"level":"help","spans":[{"file_name":"C:\\Users\\dhina\\.cargo\\registry\\src\\index.crates.io-1949cf8c6b5b557f\\rustversion-1.0.22\\build\\rustc.rs","byte_start":0,"byte_end":0,"line_start":1,"line_end":1,"column_start":1,"column_end":1,"is_primary":true,"text":[{"text":"use self::Channel::*;","highlight_start":1,"highlight_end":1}],"label":null,"suggested_replacement":"use core::option::Option::Some;\n","suggestion_applicability":"MaybeIncorrect","expansion":null}],"children":[],"rendered":null}],"rendered":"\u001b[1m\u001b[91merror[E0531]\u001b[0m\u001b[1m\u001b[97m: cannot find tuple struct or tuple variant `Some` in this scope\u001b[0m\n  \u001b[1m\u001b[96m--> \u001b[0mC:\\Users\\dhina\\.cargo\\registry\\src\\index.crates.io-1949cf8c6b5b557f\\rustversion-1.0.22\\build\\rustc.rs:79:13\n   \u001b[1m\u001b[96m|\u001b[0m\n\u001b[1m\u001b[96m79\u001b[0m \u001b[1m\u001b[96m|\u001b[0m             Some(_) => return None,\n   \u001b[1m\u001b[96m|\u001b[0m             \u001b[1m\u001b[91m^^^^\u001b[0m \u001b[1m\u001b[91mnot found in this scope\u001b[0m\n   \u001b[1m\u001b[96m|\u001b[0m\n\u001b[1m\u001b[96mhelp\u001b[0m: consider importing this tuple variant\n   \u001b[1m\u001b[96m|\u001b[0m\n \u001b[1m\u001b[96m1\u001b[0m \u001b[92m+ use core::option::Option::Some;\u001b[0m\n   \u001b[1m\u001b[96m|\u001b[0m\n\n"}
{"$message_type":"diagnostic","message":"cannot find value `None` in this scope","code":{"code":"E0425","explanation":"An unresolved name was used.\n\nErroneous code examples:\n\n```compile_fail,E0425\nsomething_that_doesnt_exist::foo;\n// error: unresolved name `something_that_doesnt_exist::foo`\n\n// or:\n\ntrait Foo {\n    fn bar() {\n        Self; // error: unresolved name `Self`\n    }\n}\n\n// or:\n\nlet x = unknown_variable;  // error: unresolved name `unknown_variable`\n```\n\nPlease verify that the name wasn't misspelled and ensure that the\nidentifier being referred to is valid for the given situation. Example:\n\n```\nenum something_that_does_exist {\n    Foo,\n}\n```\n\nOr:\n\n```\nmod something_that_does_exist {\n    pub static foo : i32 = 0i32;\n}\n\nsomething_that_does_exist::foo; // ok!\n```\n\nOr:\n\n```\nlet unknown_variable = 12u32;\nlet x = unknown_variable; // ok!\n```\n\nIf the item is not defined in the current module, it must be imported using a\n`use` statement, like so:\n\n```\n# mod foo { pub fn bar() {} }\n# fn main() {\nuse foo::bar;\nbar();\n# }\n```\n\nIf the item you are importing is not defined in some super-module of the\ncurrent module, then it must also be declared as public (e.g., `pub fn`).\n"},"level":"error","spans":[{"file_name":"C:\\Users\\dhina\\.cargo\\registry\\src\\index.crates.io-1949cf8c6b5b557f\\rustversion-1.0.22\\build\\rustc.rs","byte_start":2356,"byte_end":2360,"line_start":79,"line_end":79,"column_start":31,"column_end":35,"is_primary":true,"text":[{"text":"            Some(_) => return None,","highlight_start":31,"highlight_end":35}],"label":"not found in this scope","suggested_replacement":null,"suggestion_applicability":null,"expansion":null}],"children":[{"message":"consider importing this unit variant","code":null,"level":"help","spans":[{"file_name":"C:\\Users\\dhina\\.cargo\\registry\\src\\index.crates.io-1949cf8c6b5b557f\\rustversion-1.0.22\\build\\rustc.rs","byte_start":0,"byte_end":0,"line_start":1,"line_end":1,"column_start":1,"column_end":1,"is_primary":true,"text":[{"text":"use self::Channel::*;","highlight_start":1,"highlight_end":1}],"label":null,"suggested_replacement":"use core::option::Option::None;\n","suggestion_applicability":"MaybeIncorrect","expansion":null}],"children":[],"rendered":null}],"rendered":"\u001b[1m\u001b[91merror[E0425]\u001b[0m\u001b[1m\u001b[97m: cannot find value `None` in this scope\u001b[0m\n  \u001b[1m\u001b[96m--> \u001b[0mC:\\Users\\dhina\\.cargo\\registry\\src\\index.crates.io-1949cf8c6b5b557f\\rustversion-1.0.22\\build\\rustc.rs:79:31\n   \u001b[1m\u001b[96m|\u001b[0m\n\u001b[1m\u001b[96m79\u001b[0m \u001b[1m\u001b[96m|\u001b[0m             Some(_) => return None,\n   \u001b[1m\u001b[96m|\u001b[0m                               \u001b[1m\u001b[91m^^^^\u001b[0m \u001b[1m\u001b[91mnot found in this scope\u001b[0m\n   \u001b[1m\u001b[96m|\u001b[0m\n\u001b[1m\u001b[96mhelp\u001b[0m: consider importing this unit variant\n   \u001b[1m\u001b[96m|\u001b[0m\n \u001b[1m\u001b[96m1\u001b[0m \u001b[92m+ use core::option::Option::None;\u001b[0m\n   \u001b[1m\u001b[96m|\u001b[0m\n\n"}
{"$message_type":"diagnostic","message":"cannot find tuple struct or tuple variant `Some` in this scope","code":{"code":"E0531","explanation":"An unknown tuple struct/variant has been used.\n\nErroneous code example:\n\n```compile_fail,E0531\nlet Type(x) = Type(12); // error!\nmatch Bar(12) {\n    Bar(x) => {} // error!\n    _ => {}\n}\n```\n\nIn most cases, it's either a forgotten import or a typo. However, let's look at\nhow you can have such a type:\n\n```edition2018\nstruct Type(u32); // this is a tuple struct\n\nenum Foo {\n    Bar(u32), // this is a tuple variant\n}\n\nuse Foo::*; // To use Foo's variant directly, we need to import them in\n            // the scope.\n```\n\nEither way, it should work fine with our previous code:\n\n```edition2018\nstruct Type(u32);\n\nenum Foo {\n    Bar(u32),\n}\nuse Foo::*;\n\nlet Type(x) = Type(12); // ok!\nmatch Type(12) {\n    Type(x) => {} // ok!\n    _ => {}\n}\n```\n"},"level":"error","spans":[{"file_name":"C:\\Users\\dhina\\.cargo\\registry\\src\\index.crates.io-1949cf8c6b5b557f\\rustversion-1.0.22\\build\\rustc.rs","byte_start":2406,"byte_end":2410,"line_start":82,"line_end":82,"column_start":9,"column_end":13,"is_primary":true,"text":[{"text":"        Some(_) => return None,","highlight_start":9,"highlight_end":13}],"label":"not found in this scope","suggested_replacement":null,"suggestion_applicability":null,"expansion":null}],"children":[{"message":"consider importing this tuple variant","code":null,"level":"help","spans":[{"file_name":"C:\\Users\\dhina\\.cargo\\registry\\src\\index.crates.io-1949cf8c6b5b557f\\rustversion-1.0.22\\build\\rustc.rs","byte_start":0,"byte_end":0,"line_start":1,"line_end":1,"column_start":1,"column_end":1,"is_primary":true,"text":[{"text":"use self::Channel::*;","highlight_start":1,"highlight_end":1}],"label":null,"suggested_replacement":"use core::option::Option::Some;\n","suggestion_applicability":"MaybeIncorrect","expansion":null}],"children":[],"rendered":null}],"rendered":"\u001b[1m\u001b[91merror[E0531]\u001b[0m\u001b[1m\u001b[97m: cannot find tuple struct or tuple variant `Some` in this scope\u001b[0m\n  \u001b[1m\u001b[96m--> \u001b[0mC:\\Users\\dhina\\.cargo\\registry\\src\\index.crates.io-1949cf8c6b5b557f\\rustversion-1.0.22\\build\\rustc.rs:82:9\n   \u001b[1m\u001b[96m|\u001b[0m\n\u001b[1m\u001b[96m82\u001b[0m \u001b[1m\u001b[96m|\u001b[0m         Some(_) => return None,\n   \u001b[1m\u001b[96m|\u001b[0m         \u001b[1m\u001b[91m^^^^\u001b[0m \u001b[1m\u001b[91mnot found in this scope\u001b[0m\n   \u001b[1m\u001b[96m|\u001b[0m\n\u001b[1m\u001b[96mhelp\u001b[0m: consider importing this tuple variant\n   \u001b[1m\u001b[96m|\u001b[0m\n \u001b[1m\u001b[96m1\u001b[0m \u001b[92m+ use core::option::Option::Some;\u001b[0m\n   \u001b[1m\u001b[96m|\u001b[0m\n\n"}
{"$message_type":"diagnostic","message":"cannot find value `None` in this scope","code":{"code":"E0425","explanation":"An unresolved name was used.\n\nErroneous code examples:\n\n```compile_fail,E0425\nsomething_that_doesnt_exist::foo;\n// error: unresolved name `something_that_doesnt_exist::foo`\n\n// or:\n\ntrait Foo {\n    fn bar() {\n        Self; // error: unresolved name `Self`\n    }\n}\n\n// or:\n\nlet x = unknown_variable;  // error: unresolved name `unknown_variable`\n```\n\nPlease verify that the name wasn't misspelled and ensure that the\nidentifier being referred to is valid for the given situation. Example:\n\n```\nenum something_that_does_exist {\n    Foo,\n}\n```\n\nOr:\n\n```\nmod something_that_does_exist {\n    pub static foo : i32 = 0i32;\n}\n\nsomething_that_does_exist::foo; // ok!\n```\n\nOr:\n\n```\nlet unknown_variable = 12u32;\nlet x = unknown_variable; // ok!\n```\n\nIf the item is not defined in the current module, it must be imported using a\n`use` statement, like so:\n\n```\n# mod foo { pub fn bar() {} }\n# fn main() {\nuse foo::bar;\nbar();\n# }\n```\n\nIf the item you are importing is not defined in some super-module of the\ncurrent module, then it must also be declared as public (e.g., `pub fn`).\n"},"level":"error","spans":[{"file_name":"C:\\Users\\dhina\\.cargo\\registry\\src\\index.crates.io-1949cf8c6b5b557f\\rustversion-1.0.22\\build\\rustc.rs","byte_start":2424,"byte_end":2428,"line_start":82,"line_end":82,"column_start":27,"column_end":31,"is_primary":true,"text":[{"text":"        Some(_) => return None,","highlight_start":27,"highlight_end":31}],"label":"not found in this scope","suggested_replacement":null,"suggestion_applicability":null,"expansion":null}],"children":[{"message":"consider importing this unit variant","code":null,"level":"help","spans":[{"file_name":"C:\\Users\\dhina\\.cargo\\registry\\src\\index.crates.io-1949cf8c6b5b557f\\rustversion-1.0.22\\build\\rustc.rs","byte_start":0,"byte_end":0,"line_start":1,"line_end":1,"column_start":1,"column_end":1,"is_primary":true,"text":[{"text":"use self::Channel::*;","highlight_start":1,"highlight_end":1}],"label":null,"suggested_replacement":"use core::option::Option::None;\n","suggestion_applicability":"MaybeIncorrect","expansion":null}],"children":[],"rendered":null}],"rendered":"\u001b[1m\u001b[91merror[E0425]\u001b[0m\u001b[1m\u001b[97m: cannot find value `None` in this scope\u001b[0m\n  \u001b[1m\u001b[96m--> \u001b[0mC:\\Users\\dhina\\.cargo\\registry\\src\\index.crates.io-1949cf8c6b5b557f\\rustversion-1.0.22\\build\\rustc.rs:82:27\n   \u001b[1m\u001b[96m|\u001b[0m\n\u001b[1m\u001b[96m82\u001b[0m \u001b[1m\u001b[96m|\u001b[0m         Some(_) => return None,\n   \u001b[1m\u001b[96m|\u001b[0m                           \u001b[1m\u001b[91m^^^^\u001b[0m \u001b[1m\u001b[91mnot found in this scope\u001b[0m\n   \u001b[1m\u001b[96m|\u001b[0m\n\u001b[1m\u001b[96mhelp\u001b[0m: consider importing this unit variant\n   \u001b[1m\u001b[96m|\u001b[0m\n \u001b[1m\u001b[96m1\u001b[0m \u001b[92m+ use core::option::Option::None;\u001b[0m\n   \u001b[1m\u001b[96m|\u001b[0m\n\n"}
{"$message_type":"diagnostic","message":"cannot find function, tuple struct or tuple variant `Some` in this scope","code":{"code":"E0425","explanation":"An unresolved name was used.\n\nErroneous code examples:\n\n```compile_fail,E0425\nsomething_that_doesnt_exist::foo;\n// error: unresolved name `something_that_doesnt_exist::foo`\n\n// or:\n\ntrait Foo {\n    fn bar() {\n        Self; // error: unresolved name `Self`\n    }\n}\n\n// or:\n\nlet x = unknown_variable;  // error: unresolved name `unknown_variable`\n```\n\nPlease verify that the name wasn't misspelled and ensure that the\nidentifier being referred to is valid for the given situation. Example:\n\n```\nenum something_that_does_exist {\n    Foo,\n}\n```\n\nOr:\n\n```\nmod something_that_does_exist {\n    pub static foo : i32 = 0i32;\n}\n\nsomething_that_does_exist::foo; // ok!\n```\n\nOr:\n\n```\nlet unknown_variable = 12u32;\nlet x = unknown_variable; // ok!\n```\n\nIf the item is not defined in the current module, it must be imported using a\n`use` statement, like so:\n\n```\n# mod foo { pub fn bar() {} }\n# fn main() {\nuse foo::bar;\nbar();\n# }\n```\n\nIf the item you are importing is not defined in some super-module of the\ncurrent module, then it must also be declared as public (e.g., `pub fn`).\n"},"level":"error","spans":[{"file_name":"C:\\Users\\dhina\\.cargo\\registry\\src\\index.crates.io-1949cf8c6b5b557f\\rustversion-1.0.22\\build\\rustc.rs","byte_start":2442,"byte_end":2446,"line_start":85,"line_end":85,"column_start":5,"column_end":9,"is_primary":true,"text":[{"text":"    Some(Version {","highlight_start":5,"highlight_end":9}],"label":"not found in this scope","suggested_replacement":null,"suggestion_applicability":null,"expansion":null}],"children":[{"message":"consider importing this tuple variant","code":null,"level":"help","spans":[{"file_name":"C:\\Users\\dhina\\.cargo\\registry\\src\\index.crates.io-1949cf8c6b5b557f\\rustversion-1.0.22\\build\\rustc.rs","byte_start":0,"byte_end":0,"line_start":1,"line_end":1,"column_start":1,"column_end":1,"is_primary":true,"text":[{"text":"use self::Channel::*;","highlight_start":1,"highlight_end":1}],"label":null,"suggested_replacement":"use core::option::Option::Some;\n","suggestion_applicability":"MaybeIncorrect","expansion":null}],"children":[],"rendered":null}],"rendered":"\u001b[1m\u001b[91merror[E0425]\u001b[0m\u001b[1m\u001b[97m: cannot find function, tuple struct or tuple variant `Some` in this scope\u001b[0m\n  \u001b[1m\u001b[96m--> \u001b[0mC:\\Users\\dhina\\.cargo\\registry\\src\\index.crates.io-1949cf8c6b5b557f\\rustversion-1.0.22\\build\\rustc.rs:85:5\n   \u001b[1m\u001b[96m|\u001b[0m\n\u001b[1m\u001b[96m85\u001b[0m \u001b[1m\u001b[96m|\u001b[0m     Some(Version {\n   \u001b[1m\u001b[96m|\u001b[0m     \u001b[1m\u001b[91m^^^^\u001b[0m \u001b[1m\u001b[91mnot found in this scope\u001b[0m\n   \u001b[1m\u001b[96m|\u001b[0m\n\u001b[1m\u001b[96mhelp\u001b[0m: consider importing this tuple variant\n   \u001b[1m\u001b[96m|\u001b[0m\n \u001b[1m\u001b[96m1\u001b[0m \u001b[92m+ use core::option::Option::Some;\u001b[0m\n   \u001b[1m\u001b[96m|\u001b[0m\n\n"}
{"$message_type":"diagnostic","message":"cannot find tuple struct or tuple variant `Ok` in this scope","code":{"code":"E0531","explanation":"An unknown tuple struct/variant has been used.\n\nErroneous code example:\n\n```compile_fail,E0531\nlet Type(x) = Type(12); // error!\nmatch Bar(12) {\n    Bar(x) => {} // error!\n    _ => {}\n}\n```\n\nIn most cases, it's either a forgotten import or a typo. However, let's look at\nhow you can have such a type:\n\n```edition2018\nstruct Type(u32); // this is a tuple struct\n\nenum Foo {\n    Bar(u32), // this is a tuple variant\n}\n\nuse Foo::*; // To use Foo's variant directly, we need to import them in\n            // the scope.\n```\n\nEither way, it should work fine with our previous code:\n\n```edition2018\nstruct Type(u32);\n\nenum Foo {\n    Bar(u32),\n}\nuse Foo::*;\n\nlet Type(x) = Type(12); // ok!\nmatch Type(12) {\n    Type(x) => {} // ok!\n    _ => {}\n}\n```\n"},"level":"error","spans":[{"file_name":"C:\\Users\\dhina\\.cargo\\registry\\src\\index.crates.io-1949cf8c6b5b557f\\rustversion-1.0.22\\build\\build.rs","byte_start":1174,"byte_end":1176,"line_start":42,"line_end":42,"column_start":13,"column_end":15,"is_primary":true,"text":[{"text":"            Ok(output) => output,","highlight_start":13,"highlight_end":15}],"label":"not found in this scope","suggested_replacement":null,"suggestion_applicability":null,"expansion":null}],"children":[{"message":"consider importing this tuple variant","code":null,"level":"help","spans":[{"file_name":"C:\\Users\\dhina\\.cargo\\registry\\src\\index.crates.io-1949cf8c6b5b557f\\rustversion-1.0.22\\build\\build.rs","byte_start":152,"byte_end":152,"line_start":10,"line_end":10,"column_start":1,"column_end":1,"is_primary":true,"text":[{"text":"use std::env;","highlight_start":1,"highlight_end":1}],"label":null,"suggested_replacement":"use core::result::Result::Ok;\n","suggestion_applicability":"MaybeIncorrect","expansion":null}],"children":[],"rendered":null}],"rendered":"\u001b[1m\u001b[91merror[E0531]\u001b[0m\u001b[1m\u001b[97m: cannot find tuple struct or tuple variant `Ok` in this scope\u001b[0m\n  \u001b[1m\u001b[96m--> \u001b[0mC:\\Users\\dhina\\.cargo\\registry\\src\\index.crates.io-1949cf8c6b5b557f\\rustversion-1.0.22\\build\\build.rs:42:13\n   \u001b[1m\u001b[96m|\u001b[0m\n\u001b[1m\u001b[96m42\u001b[0m \u001b[1m\u001b[96m|\u001b[0m             Ok(output) => output,\n   \u001b[1m\u001b[96m|\u001b[0m             \u001b[1m\u001b[91m^^\u001b[0m \u001b[1m\u001b[91mnot found in this scope\u001b[0m\n   \u001b[1m\u001b[96m|\u001b[0m\n\u001b[1m\u001b[96mhelp\u001b[0m: consider importing this tuple variant\n   \u001b[1m\u001b[96m|\u001b[0m\n\u001b[1m\u001b[96m10\u001b[0m \u001b[92m+ use core::result::Result::Ok;\u001b[0m\n   \u001b[1m\u001b[96m|\u001b[0m\n\n"}
{"$message_type":"diagnostic","message":"cannot find tuple struct or tuple variant `Err` in this scope","code":{"code":"E0531","explanation":"An unknown tuple struct/variant has been used.\n\nErroneous code example:\n\n```compile_fail,E0531\nlet Type(x) = Type(12); // error!\nmatch Bar(12) {\n    Bar(x) => {} // error!\n    _ => {}\n}\n```\n\nIn most cases, it's either a forgotten import or a typo. However, let's look at\nhow you can have such a type:\n\n```edition2018\nstruct Type(u32); // this is a tuple struct\n\nenum Foo {\n    Bar(u32), // this is a tuple variant\n}\n\nuse Foo::*; // To use Foo's variant directly, we need to import them in\n            // the scope.\n```\n\nEither way, it should work fine with our previous code:\n\n```edition2018\nstruct Type(u32);\n\nenum Foo {\n    Bar(u32),\n}\nuse Foo::*;\n\nlet Type(x) = Type(12); // ok!\nmatch Type(12) {\n    Type(x) => {} // ok!\n    _ => {}\n}\n```\n"},"level":"error","spans":[{"file_name":"C:\\Users\\dhina\\.cargo\\registry\\src\\index.crates.io-1949cf8c6b5b557f\\rustversion-1.0.22\\build\\build.rs","byte_start":1208,"byte_end":1211,"line_start":43,"line_end":43,"column_start":13,"column_end":16,"is_primary":true,"text":[{"text":"            Err(e) => {","highlight_start":13,"highlight_end":16}],"label":"not found in this scope","suggested_replacement":null,"suggestion_applicability":null,"expansion":null}],"children":[{"message":"consider importing this tuple variant","code":null,"level":"help","spans":[{"file_name":"C:\\Users\\dhina\\.cargo\\registry\\src\\index.crates.io-1949cf8c6b5b557f\\rustversion-1.0.22\\build\\build.rs","byte_start":152,"byte_end":152,"line_start":10,"line_end":10,"column_start":1,"column_end":1,"is_primary":true,"text":[{"text":"use std::env;","highlight_start":1,"highlight_end":1}],"label":null,"suggested_replacement":"use core::result::Result::Err;\n","suggestion_applicability":"MaybeIncorrect","expansion":null}],"children":[],"rendered":null}],"rendered":"\u001b[1m\u001b[91merror[E0531]\u001b[0m\u001b[1m\u001b[97m: cannot find tuple struct or tuple variant `Err` in this scope\u001b[0m\n  \u001b[1m\u001b[96m--> \u001b[0mC:\\Users\\dhina\\.cargo\\registry\\src\\index.crates.io-1949cf8c6b5b557f\\rustversion-1.0.22\\build\\build.rs:43:13\n   \u001b[1m\u001b[96m|\u001b[0m\n\u001b[1m\u001b[96m43\u001b[0m \u001b[1m\u001b[96m|\u001b[0m             Err(e) => {\n   \u001b[1m\u001b[96m|\u001b[0m             \u001b[1m\u001b[91m^^^\u001b[0m \u001b[1m\u001b[91mnot found in this scope\u001b[0m\n   \u001b[1m\u001b[96m|\u001b[0m\n\u001b[1m\u001b[96mhelp\u001b[0m: consider importing this tuple variant\n   \u001b[1m\u001b[96m|\u001b[0m\n\u001b[1m\u001b[96m10\u001b[0m \u001b[92m+ use core::result::Result::Err;\u001b[0m\n   \u001b[1m\u001b[96m|\u001b[0m\n\n"}
{"$message_type":"diagnostic","message":"cannot find tuple struct or tuple variant `Ok` in this scope","code":{"code":"E0531","explanation":"An unknown tuple struct/variant has been used.\n\nErroneous code example:\n\n```compile_fail,E0531\nlet Type(x) = Type(12); // error!\nmatch Bar(12) {\n    Bar(x) => {} // error!\n    _ => {}\n}\n```\n\nIn most cases, it's either a forgotten import or a typo. However, let's look at\nhow you can have such a type:\n\n```edition2018\nstruct Type(u32); // this is a tuple struct\n\nenum Foo {\n    Bar(u32), // this is a tuple variant\n}\n\nuse Foo::*; // To use Foo's variant directly, we need to import them in\n            // the scope.\n```\n\nEither way, it should work fine with our previous code:\n\n```edition2018\nstruct Type(u32);\n\nenum Foo {\n    Bar(u32),\n}\nuse Foo::*;\n\nlet Type(x) = Type(12); // ok!\nmatch Type(12) {\n    Type(x) => {} // ok!\n    _ => {}\n}\n```\n"},"level":"error","spans":[{"file_name":"C:\\Users\\dhina\\.cargo\\registry\\src\\index.crates.io-1949cf8c6b5b557f\\rustversion-1.0.22\\build\\build.rs","byte_start":1487,"byte_end":1489,"line_start":51,"line_end":51,"column_start":13,"column_end":15,"is_primary":true,"text":[{"text":"            Ok(string) => string,","highlight_start":13,"highlight_end":15}],"label":"not found in this scope","suggested_replacement":null,"suggestion_applicability":null,"expansion":null}],"children":[{"message":"consider importing this tuple variant","code":null,"level":"help","spans":[{"file_name":"C:\\Users\\dhina\\.cargo\\registry\\src\\index.crates.io-1949cf8c6b5b557f\\rustversion-1.0.22\\build\\build.rs","byte_start":152,"byte_end":152,"line_start":10,"line_end":10,"column_start":1,"column_end":1,"is_primary":true,"text":[{"text":"use std::env;","highlight_start":1,"highlight_end":1}],"label":null,"suggested_replacement":"use core::result::Result::Ok;\n","suggestion_applicability":"MaybeIncorrect","expansion":null}],"children":[],"rendered":null}],"rendered":"\u001b[1m\u001b[91merror[E0531]\u001b[0m\u001b[1m\u001b[97m: cannot find tuple struct or tuple variant `Ok` in this scope\u001b[0m\n  \u001b[1m\u001b[96m--> \u001b[0mC:\\Users\\dhina\\.cargo\\registry\\src\\index.crates.io-1949cf8c6b5b557f\\rustversion-1.0.22\\build\\build.rs:51:13\n   \u001b[1m\u001b[96m|\u001b[0m\n\u001b[1m\u001b[96m51\u001b[0m \u001b[1m\u001b[96m|\u001b[0m             Ok(string) => string,\n   \u001b[1m\u001b[96m|\u001b[0m             \u001b[1m\u001b[91m^^\u001b[0m \u001b[1m\u001b[91mnot found in this scope\u001b[0m\n   \u001b[1m\u001b[96m|\u001b[0m\n\u001b[1m\u001b[96mhelp\u001b[0m: consider importing this tuple variant\n   \u001b[1m\u001b[96m|\u001b[0m\n\u001b[1m\u001b[96m10\u001b[0m \u001b[92m+ use core::result::Result::Ok;\u001b[0m\n   \u001b[1m\u001b[96m|\u001b[0m\n\n"}
{"$message_type":"diagnostic","message":"cannot find tuple struct or tuple variant `Err` in this scope","code":{"code":"E0531","explanation":"An unknown tuple struct/variant has been used.\n\nErroneous code example:\n\n```compile_fail,E0531\nlet Type(x) = Type(12); // error!\nmatch Bar(12) {\n    Bar(x) => {} // error!\n    _ => {}\n}\n```\n\nIn most cases, it's either a forgotten import or a typo. However, let's look at\nhow you can have such a type:\n\n```edition2018\nstruct Type(u32); // this is a tuple struct\n\nenum Foo {\n    Bar(u32), // this is a tuple variant\n}\n\nuse Foo::*; // To use Foo's variant directly, we need to import them in\n            // the scope.\n```\n\nEither way, it should work fine with our previous code:\n\n```edition2018\nstruct Type(u32);\n\nenum Foo {\n    Bar(u32),\n}\nuse Foo::*;\n\nlet Type(x) = Type(12); // ok!\nmatch Type(12) {\n    Type(x) => {} // ok!\n    _ => {}\n}\n```\n"},"level":"error","spans":[{"file_name":"C:\\Users\\dhina\\.cargo\\registry\\src\\index.crates.io-1949cf8c6b5b557f\\rustversion-1.0.22\\build\\build.rs","byte_start":1521,"byte_end":1524,"line_start":52,"line_end":52,"column_start":13,"column_end":16,"is_primary":true,"text":[{"text":"            Err(e) => {","highlight_start":13,"highlight_end":16}],"label":"not found in this scope","suggested_replacement":null,"suggestion_applicability":null,"expansion":null}],"children":[{"message":"consider importing this tuple variant","code":null,"level":"help","spans":[{"file_name":"C:\\Users\\dhina\\.cargo\\registry\\src\\index.crates.io-1949cf8c6b5b557f\\rustversion-1.0.22\\build\\build.rs","byte_start":152,"byte_end":152,"line_start":10,"line_end":10,"column_start":1,"column_end":1,"is_primary":true,"text":[{"text":"use std::env;","highlight_start":1,"highlight_end":1}],"label":null,"suggested_replacement":"use core::result::Result::Err;\n","suggestion_applicability":"MaybeIncorrect","expansion":null}],"children":[],"rendered":null}],"rendered":"\u001b[1m\u001b[91merror[E0531]\u001b[0m\u001b[1m\u001b[97m: cannot find tuple struct or tuple variant `Err` in this scope\u001b[0m\n  \u001b[1m\u001b[96m--> \u001b[0mC:\\Users\\dhina\\.cargo\\registry\\src\\index.crates.io-1949cf8c6b5b557f\\rustversion-1.0.22\\build\\build.rs:52:13\n   \u001b[1m\u001b[96m|\u001b[0m\n\u001b[1m\u001b[96m52\u001b[0m \u001b[1m\u001b[96m|\u001b[0m             Err(e) => {\n   \u001b[1m\u001b[96m|\u001b[0m             \u001b[1m\u001b[91m^^^\u001b[0m \u001b[1m\u001b[91mnot found in this scope\u001b[0m\n   \u001b[1m\u001b[96m|\u001b[0m\n\u001b[1m\u001b[96mhelp\u001b[0m: consider importing this tuple variant\n   \u001b[1m\u001b[96m|\u001b[0m\n\u001b[1m\u001b[96m10\u001b[0m \u001b[92m+ use core::result::Result::Err;\u001b[0m\n   \u001b[1m\u001b[96m|\u001b[0m\n\n"}
{"$message_type":"diagnostic","message":"cannot find tuple struct or tuple variant `Some` in this scope","code":{"code":"E0531","explanation":"An unknown tuple struct/variant has been used.\n\nErroneous code example:\n\n```compile_fail,E0531\nlet Type(x) = Type(12); // error!\nmatch Bar(12) {\n    Bar(x) => {} // error!\n    _ => {}\n}\n```\n\nIn most cases, it's either a forgotten import or a typo. However, let's look at\nhow you can have such a type:\n\n```edition2018\nstruct Type(u32); // this is a tuple struct\n\nenum Foo {\n    Bar(u32), // this is a tuple variant\n}\n\nuse Foo::*; // To use Foo's variant directly, we need to import them in\n            // the scope.\n```\n\nEither way, it should work fine with our previous code:\n\n```edition2018\nstruct Type(u32);\n\nenum Foo {\n    Bar(u32),\n}\nuse Foo::*;\n\nlet Type(x) = Type(12); // ok!\nmatch Type(12) {\n    Type(x) => {} // ok!\n    _ => {}\n}\n```\n"},"level":"error","spans":[{"file_name":"C:\\Users\\dhina\\.cargo\\registry\\src\\index.crates.io-1949cf8c6b5b557f\\rustversion-1.0.22\\build\\build.rs","byte_start":3337,"byte_end":3341,"line_start":101,"line_end":101,"column_start":12,"column_end":16,"is_primary":true,"text":[{"text":"    if let Some(\"windows\") = host.to_str().unwrap().split('-').nth(2) {","highlight_start":12,"highlight_end":16}],"label":"not found in this scope","suggested_replacement":null,"suggestion_applicability":null,"expansion":null}],"children":[{"message":"consider importing this tuple variant","code":null,"level":"help","spans":[{"file_name":"C:\\Users\\dhina\\.cargo\\registry\\src\\index.crates.io-1949cf8c6b5b557f\\rustversion-1.0.22\\build\\build.rs","byte_start":152,"byte_end":152,"line_start":10,"line_end":10,"column_start":1,"column_end":1,"is_primary":true,"text":[{"text":"use std::env;","highlight_start":1,"highlight_end":1}],"label":null,"suggested_replacement":"use core::option::Option::Some;\n","suggestion_applicability":"MaybeIncorrect","expansion":null}],"children":[],"rendered":null}],"rendered":"\u001b[1m\u001b[91merror[E0531]\u001b[0m\u001b[1m\u001b[97m: cannot find tuple struct or tuple variant `Some` in this scope\u001b[0m\n   \u001b[1m\u001b[96m--> \u001b[0mC:\\Users\\dhina\\.cargo\\registry\\src\\index.crates.io-1949cf8c6b5b557f\\rustversion-1.0.22\\build\\build.rs:101:12\n    \u001b[1m\u001b[96m|\u001b[0m\n\u001b[1m\u001b[96m101\u001b[0m \u001b[1m\u001b[96m|\u001b[0m     if let Some(\"windows\") = host.to_str().unwrap().split('-').nth(2) {\n    \u001b[1m\u001b[96m|\u001b[0m            \u001b[1m\u001b[91m^^^^\u001b[0m \u001b[1m\u001b[91mnot found in this scope\u001b[0m\n    \u001b[1m\u001b[96m|\u001b[0m\n\u001b[1m\u001b[96mhelp\u001b[0m: consider importing this tuple variant\n    \u001b[1m\u001b[96m|\u001b[0m\n \u001b[1m\u001b[96m10\u001b[0m \u001b[92m+ use core::option::Option::Some;\u001b[0m\n    \u001b[1m\u001b[96m|\u001b[0m\n\n"}
{"$message_type":"diagnostic","message":"`#[panic_handler]` function required, but not found","code":null,"level":"error","spans":[],"children":[],"rendered":"\u001b[1m\u001b[91merror\u001b[0m\u001b[1m\u001b[97m: `#[panic_handler]` function required, but not found\u001b[0m\n\n"}
{"$message_type":"diagnostic","message":"unwinding panics are not supported without std","code":null,"level":"error","spans":[],"children":[{"message":"using nightly cargo, use -Zbuild-std with panic=\"abort\" to avoid unwinding","code":null,"level":"help","spans":[],"children":[],"rendered":null},{"message":"since the core library is usually precompiled with panic=\"unwind\", rebuilding your crate with panic=\"abort\" may not be enough to fix the problem","code":null,"level":"note","spans":[],"children":[],"rendered":null}],"rendered":"\u001b[1m\u001b[91merror\u001b[0m\u001b[1m\u001b[97m: unwinding panics are not supported without std\u001b[0m\n  \u001b[1m\u001b[96m|\u001b[0m\n  \u001b[1m\u001b[96m= \u001b[0m\u001b[1m\u001b[97mhelp\u001b[0m: using nightly cargo, use -Zbuild-std with panic=\"abort\" to avoid unwinding\n  \u001b[1m\u001b[96m= \u001b[0m\u001b[1m\u001b[97mnote\u001b[0m: since the core library is usually precompiled with panic=\"unwind\", rebuilding your crate with panic=\"abort\" may not be enough to fix the problem\n\n"}
{"$message_type":"diagnostic","message":"failed to resolve: use of undeclared type `String`","code":{"code":"E0433","explanation":"An undeclared crate, module, or type was used.\n\nErroneous code example:\n\n```compile_fail,E0433\nlet map = HashMap::new();\n// error: failed to resolve: use of undeclared type `HashMap`\n```\n\nPlease verify you didn't misspell the type/module's name or that you didn't\nforget to import it:\n\n```\nuse std::collections::HashMap; // HashMap has been imported.\nlet map: HashMap<u32, u32> = HashMap::new(); // So it can be used!\n```\n\nIf you've expected to use a crate name:\n\n```compile_fail\nuse ferris_wheel::BigO;\n// error: failed to resolve: use of undeclared module or unlinked crate\n```\n\nMake sure the crate has been added as a dependency in `Cargo.toml`.\n\nTo use a module from your current crate, add the `crate::` prefix to the path.\n"},"level":"error","spans":[{"file_name":"C:\\Users\\dhina\\.cargo\\registry\\src\\index.crates.io-1949cf8c6b5b557f\\rustversion-1.0.22\\build\\build.rs","byte_start":1440,"byte_end":1446,"line_start":50,"line_end":50,"column_start":28,"column_end":34,"is_primary":true,"text":[{"text":"        let string = match String::from_utf8(output.stdout) {","highlight_start":28,"highlight_end":34}],"label":"use of undeclared type `String`","suggested_replacement":null,"suggestion_applicability":null,"expansion":null}],"children":[],"rendered":"\u001b[1m\u001b[91merror[E0433]\u001b[0m\u001b[1m\u001b[97m: failed to resolve: use of undeclared type `String`\u001b[0m\n  \u001b[1m\u001b[96m--> \u001b[0mC:\\Users\\dhina\\.cargo\\registry\\src\\index.crates.io-1949cf8c6b5b557f\\rustversion-1.0.22\\build\\build.rs:50:28\n   \u001b[1m\u001b[96m|\u001b[0m\n\u001b[1m\u001b[96m50\u001b[0m \u001b[1m\u001b[96m|\u001b[0m         let string = match String::from_utf8(output.stdout) {\n   \u001b[1m\u001b[96m|\u001b[0m                            \u001b[1m\u001b[91m^^^^^^\u001b[0m \u001b[1m\u001b[91muse of undeclared type `String`\u001b[0m\n\n"}
{"$message_type":"diagnostic","message":"aborting due to 42 previous errors","code":null,"level":"error","spans":[],"children":[],"rendered":"\u001b[1m\u001b[91merror\u001b[0m\u001b[1m\u001b[97m: aborting due to 42 previous errors\u001b[0m\n\n"}
{"$message_type":"diagnostic","message":"Some errors have detailed explanations: E0405, E0408, E0412, E0425, E0433, E0463, E0531, E0786.","code":null,"level":"failure-note","spans":[],"children":[],"rendered":"\u001b[1m\u001b[97mSome errors have detailed explanations: E0405, E0408, E0412, E0425, E0433, E0463, E0531, E0786.\u001b[0m\n"}
{"$message_type":"diagnostic","message":"For more information about an error, try `rustc --explain E0405`.","code":null,"level":"failure-note","spans":[],"children":[],"rendered":"\u001b[1m\u001b[97mFor more information about an error, try `rustc --explain E0405`.\u001b[0m\n"}
